gAAAAABouCTH1s5phtx5-KX8k7Gw3UIQuX8Yq4ucJJg7DG-K3Uujpi0OL85fue6tyeDIPyJeG5dCy66PKWs0-UoF0S1H93yCsrJoirL9DpB7w4lhczBHZvuQXrryfF3iC6IQJ399QHTyT00ABdUOHDQVq1rvdVhien2e_fWfkeDrVUz3ZLTJBBD0d3nPLAyUCO72oT001Z4-
gAAAAABouCTRCpFLHvSWKbDVojI7vskbu4dWw_YS4pvy2SN-WfFTnbaXPhFPeLd6dmGEussy3M_Z4c8sqHRKHE0ff9MeOJzR5Br7qk3EjJUa1nsduO6c3kRva75DyBCUDAVqq-LlAD_QJreNXzWiLq7_zHxF2J4obdn5uYi1NH2gNN-HeynmuZb5ipwntpUCKxOFLV-efDW0VxMUozsxY37vwQo_e-s6LUf_-IaESe5azy0jiYr8c5qPYVBOecr1btD_P01sTs3EsVf2dNeffX92AAk2NRLqUjR3b_A8avL6jqlLK8M423SnMY4xd7vEh08Xa6zUGPFrLq4Tv0H5jGRnHDrZc8K3l388BujO7TBcdxpyttKSn1k=
gAAAAABouCTcajKN2tN_Bo2k9-dHMTdLu0IO6tROAnK7Ei5yZG5MbilLFwLL-rOfniZrLxIjpJV5No_ou9YnleMis54CBQ_ivv0b_CHbCnzz4JU3xJE00Smt1w0ZL4gai9SiC3lTixMQwqn5oW3YbtlpftwJ48TZ099YIv5If-PIPe2On3N8_Cg0DCgFN4FQlf989l4JnrbD
gAAAAABouCTjJPi-UNoND6OiujfTV7fI9rv82HU7YQWl4TFTOBGOj2UO_YKHhcXvj5QwIQqFRVUfEpv1afN5-sYPe0lWwx3gd2l8UwxFGyUoH5Twul1N91Y0kHFk2eMjOL6PgHR5wWjm4IwbuIzJ8Zhd-IWhme4nmjx-yn4sQd2RNI_sJTtFGz7ahPDYJ6jt-o0z1x5uKb4019ZGcm-eKdR2C_xEHTFt_JUofgxLq-dSX005s5Mazes0wrHcjN6Ap2sxN_A4pQC3Akd7pC3aXwWJnUXpaTg-ZakGmzcRj0farWi_e1z5pqASo6q4N3bCp_Gzwtrs1TP2iZOkT9dgHAxVVZCFXloId3BUePuB9x1In36wv5qluxE=
gAAAAABouCTsoGRXDw2c1RlmEDRiL4hde53r_JBtnbEbLNpvFvirI7CCt3_uoYJQ1HJyv7z_qJZIjbOBT490uYuN153-7j7RgrXEyJF7Vh5NW0pGoTpPFne04OJHfaAEEvylQvblHXzV4sungI3wAYMPwLxaRKR7eQdBsCM6VmQwKSNBldqRCkczAuzXanMrmRGQ8rs1XePEyXAvjSAnt4b1HQwQdM9pKKt4BAb7ul7jgJD6TjwpX5o-X40ttc07NtnADlHyoDyH1VB8KpoPkDu-1qSbbhuT4_kG887f9HO9O6d1TnIlfS7dIbOY8eQXz5cTJcEvFaVs6fNatr_6vUOHvceavV9kzQ==
gAAAAABouCVrFpUeAvl81UupF5EOe6pI7vbNIKicFxK8sdQEhtJnKgwbvFqknEHocnRMSgnODNnDRglNaBehD4FoWCdxBdExNcueMk8jTx4eve78UVH2v6pATorrXEPRGMTiSnyHlU_MWpUAaGIhpXJYGk_MspCPzNB94EgVakULtgeLxfax7YNj8qRKm883F7n1KgRAcr0hNBQNxIopo6JM8vyQXIM0aQ==
gAAAAABouCV-FadBcK1NICsczZd8Npv0UP9cESPUB0FbyiuxdHoIGQuLdQMmUdCaHzQwJZ0F1_pS3B2NLPn2OMY9tR0fStSEXUzroRYtacMY3VijUlxKKULFgPZMKbRv61czWeOZYeMYJ7MX7xGsr1JUU8JqLvJmFGoAhR2GzI6fl0ZKrHkVygrOw-uVoSu5PEAZQSBFPHRfib0PomKkBguIzgy51IcNGA==
gAAAAABouCWQRgGn9stlxYSqQC7BsbKRT6f3-JyniYcBBBP3Q4kT_EmxsuP9oxSytTuJru8Z5aeK7aYNHTrL6DV2jU4K74Cpn7NcmfDQU5hAphOosGoVsnmv2qp6LSVwFIjHXZnTOFUnd9vLSPAt7o_ygacObr_TF0W6cuDeV4-ZYcp-kc-eeVuNSQoo6mQ5lrdLNvTNe2JT8SM-izDjOAStZOkzYc_SYx3fmR8xDHsNE0pmpcQ1hTJADG_C4RNz-ESo22J9DnqIEusE3_eXVHHN50AliZlHOuOtPrpcOJs-BXENx1tZ9l0YyMKh9cv8qc1Na606L8eg
gAAAAABouCWieA6b-ggYvreMVrRuv52-6W7uD6k9gFTUsLzmv8EXy4_lsEHg0rcoCciZcC9MPzpSOgEFZ9iRJKdEN4LQM5ETO3my_k30Y229l7o0102STrBSTqQQxgp8CWDqGTCBWwzVnpzkbwn8uHaVXSTr_18oc0CK6un0xSOUk7ZIkeOgTyLWbU3eW5de8ub9yIMrEtllV1YdCQc246vwThGvQrZXvnm1bWjHuh14AJQ_UVvKH_LNcfSx_4Xli97pUisD_t_ihNASy7dV41wk4W6rDAuGEuRHDuhpQ2inQAHY0EC2H990dv-wlLBYJcU0ZThf9pKXAmUf7hu0Cv93F2kluSe_J-uacsNOEq1CkHtCXNOmINqfk7nWxr1IOQNdyHVsXSIYt0ULQk5TmeADIrtKojQRLA==
gAAAAABouCW7Ehgl3ZHlFaecbADJTW9_u-I09cf-PACNfTlQyoNSrcxm1tq-TfCqGpQ4qxIwZ-mCMCqhFbfpLZlelM4XNk5aKArRlNo3maVpu_jC3oVjOfwWvv-LppwbtRXOPzJyegtZ6tcVZWgkIrHonJbwyPyph5K3axCiyn1drQLdbzlvRT-kDOqaWZdb92FTjjqoJrXvZ6zhVjL2KvXCYx_uFyeVGzSpesi6yWOhjARWRsPYUkG3Xrk9q_jcHYY1vgI15X4-yLsr4NQK-m7EYpTUZMqppwKZQzYG6MSg7Z7tadHougB9DVhSusnc4d6NrxiHubB6LDQvtC9Veok-p9As27IlvaDRPIgz7qm8-T3cHxk4-ygham_w0sNSTjroWtP5vzuKafnW6ZK_5HuKrfPJBHZzPA==
gAAAAABouCXemqaqbtFz9KLNLLRR-Jv4ki1GQ90suZVaKA3XNFgXIN96Mlc8XlcZafdXU0SU7iOYrgSGELP5xmHYJjkEq7ACOghKUGxQ_yk7jrS2n3ohUd8BqiKXE0fCgMDtMi3FVwhFEcu8iJ5YfBBUm1-3sz_ERtS97UNe6MSQZD2PaCOGZBg=
gAAAAABouChjufvEIKgz-Iqw5YumsqYgxieVFONCsiEXnMOoswWKFyneGnr6G7OKvvNegBSggxKnZKx82U5jyI0ehxIiIznDSgtPkjWpOBcGPGZrx0OKcwDpr0xc6QZ-CzcYcXHn8GD2NMWMkNIGw9EMrZlLWSZx9PB-xkSf2-XGZOj4Z4YIL7Delai9xEUH2tleNsfDXK4T
gAAAAABouCtJylCZ3kijjKa8JnBhFPUmRXZEfTspfO8_0vHtgDsaZQVI8vFSA-iAJh9_090LpYdR2BnKEhB95V57d58T-YR3yNIggo9DBtuooiOp4bMk8spjHdJzMey67lTBxmLOCHg4M9mjjRd2e_-vTFoxUgY-y0RzhU0UvissLfLyZxmZwNRbFDbF1RpCFi8TxyVi1IQElHFUJJxmUe0Z1_e32RHzCg==
gAAAAABouCwn0gULNwf1IFt2PK8uNwtw4SHoDRfbfSUO3JbTWKjc_nFY7MgMUNpccBCGn8lHOSiLA0sjVb2ApojB-MoD64y11d3vxeQAUAQhg3WeiQxvRSdeU2BBrVnWFGhCs6XHZ_eFncpCJs0Bqmak2md0L5-5IeeFDGHTSMvTCg-R-WDXeAmpCkyjLsX23AzKikgzigAL9j7paYuoR6kWbudGlkLFWghMql4ya8yWau3mbawgcGrhKI5pirrlqDtuT85klOELUNE_YQIevqtOhpKPXVv_B5ADh4uJojL-7DtmdgjcnhLGlJY14L0ib3Hcv1eMIGuPlrqdFtPcocxvPDToC6jAMo3DmaTQ9X2_8gOZI9Vae8ZSJG7pQniELa5Kca1IwgPIh8oo5NnwqvmGpP3uFx0weA==
gAAAAABouCw1tbTsSVaESwc_d46obG3hrlq-KuhI73sOaHYASA1IYKxPznqeruBXcTNhz8ZIwf6IJl2xErTdSyRGa4a0scm52v6R68xSR5MobXsh1wsr-e6rJR38ATZA1InSKHlev6vLer8AB_CSxbYVy6sWlmTg762dpiUh_kbrH1JIWM2q4_zlUrRJihoCEVlbsSaQHQ5grm8rdBQuF5b-bCzRllIYU3vdA-scBIUPs1XT7LRxRjJ3Y5msa5atZ2JWFsUIizUbJtys2erTP2ZjoZ5ZwPrLx4N1GdiUZMNMi3t9c8Zg-S2OGAinWSCKNuauyJT2CmyjyRIETG9MuTtTyf7fck1lDmslbEY1xiIQN1BdOzSsfgE=
gAAAAABouC4XKrwSxHwGd_GLp0O8Jqa-AiFE0IKU3JsFwp6E9zlF7UwPKagsVzFWWmF79y-_iYTcB4u1Q6tI3R06tWfQuqkjH-J0BkT7rDakLG7Bh_MCjuE5_p8oCSCAp5qkzMFnvCLFX7IB-q_SE9DRfq4BGedeNYdXseZu2C52QEWRolUsUrnbmoEvYOgqyQD_TpH2Sm6B
gAAAAABouC-IeWc2eKwpKcxop3OItW29ATCReu0R4hKc8uhNwEqc9gDMhTyRE9F0A4BHGR7YYiixFrQNQz33o4e9bwQwvO8t-dkQy56Fk2ZBHgVr6260H2b1Zztf8LM9R-gS9HS4CMrFAmc0h4_JOjqa_AtFvQ-J-dZ41S6LXBpVQbw75WzIB3A=
gAAAAABouC-cL7J1IJD5B_zbtyT0xcs-Xg1h4b3NhCyzkb4pyNf-bjc9LBXg8-MxqR_nUPhq7ZV6UhoBXw9rfV2Ut0x6fNLxETrdz8bUxBVH_SQONelU5WDWb0yB06-3-jikmtN41Loeesdk7BTXaNlIkFYbNN-3KT6S3QfYWO2FyVI8YebHCjadXO4WUA5z9VjJqex2SxWm
gAAAAABouDIldM09IbbxH_af_S7CrehKZEBRfFffsJ_RzyvFBjk4cYR7PevV6EiUcjDydv5JHHFtUOFpduwDgg4ybv_VjhwYbvYJ-drg0IYsO1YBCQJ2Eahdx8hNWfGLuVneQm52xweNriTwZaHrUwTI-NDieWNAi8G2F3M5R2riRfblhiLPYcmbGX4dprrIAk-5vCktoZFI2PUPUKHODZ4mhgGCwPMDSg==
gAAAAABouDJigF-tWa2Vo5Q7KuBJp66jeuw_reQAjSrefjh6tQCtGnPCHpusE8pNRGpg3kmfpFs-KMf6JiD4xY4rNzTGx8OXNNAhazes0EVesaxU7aC6x-CIFKGn7__unZKx0rWP_JFGd1-SHDi8BUgCfrvvN8UMCX1JvOzsMzVCf9IZ_HC-yxT907YiNbrfTMhD2OBtgpv2_C1kc3JZMq0DcGl4eQKYcblnGtJJ-cT_M9BBIX07zno=
gAAAAABouXFMofMP4tx-wGHx9CAfpOYuuN6KRZXM24RXYAvycUwjAxIxU42oZUBmy8KFiXGzjBO4nPL-BNv67kcsfaKWLh-Y8S63xmpyvvWNo-FC_6hwSeq7hAdvDmCu8bX1d69BbOGrBpPPqqSkIIYceHU7D_I6Hf8_tqji4ysVuxppMHRYnUVhEEeOtqjxCKlqHeGL6t6_
gAAAAABouXFeaRUKObkVMuKbaB7FCy-i4qUl6BPRdB6cxsKfNgrvq8NT3kl2LPwH6RYGx7m4df6TS4qD4vM4GfU0uE_ZVRbHbydCAeS3J5judU51UwxQaWDEJ34ivo3xQ6SePxEgYAgFRwrrXBLjarMjx7WQwqzpbU7PpHBR5qnNAS2Cz5_viek=
gAAAAABouXFlcJxJ_Kl2-Yhcnbyv573CEDqSHwQE1BB4KADUvISKCKpUxd0Px52nncp8iyYudKQrPrhnMtNnYGt9tJBG27DdwIB9iihvtfRXxvY5gXDqtrNXotdGutPVdsV0mnr0OYS0QTZTORyU-LlrlkzzTFMFr_mMNMUk07MU2iS6cVHK8pOZReoao6V20oTwxTCViMZ4
gAAAAABouXFur1RXMTDSmC2NvJInlh-0WrQB-8RCajFYj0jj1gudSRHeSAOoYlrXG1s1SPR-gDX5tfvPslUiTzfR1ztgzMtOzcsq7YHOkhIDanr5dfhgr6GBoBLj7YIXMBW0lHKXADeSP931kUgDlCJ55IzWJ65I5g3mtEjHLpa1tnjSvNeERgLb8-_8kGJXcqvO2AjktLI6v217Vgyqlm-1S45RHsSFuw==
gAAAAABouXGQwKL99sGP4nusUd6Uty03kIBp8TIDNT3Wz-jU_3IguwksDMSOa9EZELrQH5_Su0T-Svl6KA7ZMOR54fMO35VldAaAAOot-6i9pY_hD-8akMJdSkzWuN3-twcunjEdEanmOiDcA8qfPSHuHSkFwx4QcpDVnarUilKpIdhtu_scZmYAcX5yQISTypvjGXwKSb8JUZFo5MDezoYFPOp_BJ9KrCRDIcV56N3AMFiYAXTOLqE=
gAAAAABouXGq9_NPQnJ7Oe8rFJkfjNU8pve4DAv6dAbB_CXpFjoX3zGER7D_YunaaMuLcNAKQ6huJcK9kbAo-iaW-Qm4Ngj-rBa8K6gWcNTi5yj_b1B8XO762vNNSk6jgzfaOXVINekxxZjNTebNzb56PDL9SBE4YQ2dkf2FY3mrBWxCHEUwtOjMp-9nVCycK0bpiUYknAWFwlC3ByA8qaBaDuISTja08GUfgl3nuMHAcIAV8KsOPKg=
gAAAAABouXG3zwt89b1lVOZzsHXmx9I2r1YdJcjKsD71kobJlNLsqJI9PF3WMRHU3NvxJyHFjRtS-Qbl9ZLpPZI43S7XkW6Xyv4GVUM8ojgDT_Rg1WW6uReYWKAlFfAK-hwP0s8QGlz508w6UbhC8HinKEbElHY9dTNYC2tIKoyVmmMYgEHBU4msScxacctDjWQN3UfnU_-AUl_99O1zDX1UDvyp4o1chA==
gAAAAABouYQluSYfYCo-n1e4VuPqS7vB-Ij9lZxqoN6yCjvl_BjYR8TxnWZ_t3bEVW1likn5A8buOdIHB0mA6H37poyypipaLH7dDBl_FHEOQl89VlvoKtmgbGRryKGbd-MxeTQ0aLo6biLJp60WRXnjKdYfc9BZd5Cg2Y_lqUm-zGSvMFHEKSzlsunZGznufuRXPD06ad-I
gAAAAABouYQsv7jI7E8aCb0KfrM2OwpzuPzCydS1ByIfjaiJGNDYuslbGvN7Hbz5WRFKqza8192ZKR0bS5ReEWMIzac0PHlVmfm8V169H3xOkpqq52WbgB_S2GObd6UFI7ELSCgpmOed0jamYwaPqCAxa8_zyFqto4TRxrutXtbvhNZVGQYe0usos5uSWq5PXgTzvJdbJPxAmMXhXdqizmZD1ym17WnaDw==
gAAAAABouYQzHnpCZcbAmSMQBtmN-M6gR9NBSig3GU3W1KBB3M6ZsBue-NG6TK11-qG7_8DgPshRYcmw596QVY360iYPY6HpB93NviOGxPocyUTMUM40OfI12D8sf_U3fpI07EBTS9wWQ1ECVOx1EWrhkf-AT4ejuJGMpvJuWbVBWcB0-RV6dpb8_mL_LZH3WbS5uBcz20_tQtSByZXTDpsFZGoomr13H4Yq27DTja4wLmQi6N_gqXI=
gAAAAABouYQ37nS-tY5YSRkvnVEWmUeJTGRYI_f9JKeK9ll7FzxF6cfVAh6wnUX3fpRKx7tSFkB-8eK2_ajO0UeJy2y2UtDv99957eIwUjxMAJomsYjQQgfMkuA61AKGa6e2Vfsyk-Iv4votY-SD5YSlnPdhaKwp1O9KSD_SuQewjWmG0nceSRwpnw2MdqCUC14fl_8CHRITL1DVSlh0FhV8S41ImoEqGQ==
gAAAAABouYQ-Jiww0HxbrQuBe-rDvXtYubkbWen7LF3lHOl1OKvom233VLUmrx9LU9_EZqx3BilKWfY-dwk3dVWEozhVnPRxEdos4JiY5sNeYlFWvX0J_rcIQ4RRwv9QbU7MIpLs-_OmlkZFMFG7Wlup4RHgNTwmcUq2wsIv7jG9x4QBh36plLl9Fjww-vIBpzIr1sqZx2U0oMS6cldVkncmfmdEntq7DA==
gAAAAABouYRNxdbhi-Pwj62rQU2prWqEs6ckV84EVsmifY6U4W7TY0Y8ua_Z4igmQ1Wv1B8MsxkZ8iKGTJlHBdYnf9BOQ1-z3XWQ16Qw-BFpf9XuVBZCMhe1GxVtiutIlALHc-SnSj8m0MjWIGgy2AtOemyi9bTrO62g4lCHoijrPZzqqFfAusb40Z73pcW_GsLMt-WJer1TxudISjsIUpND930WWHvnTQ==
gAAAAABovGOFKeXO532PcjgRq9R-GA7PhZ4KDg2Zom_nO7OY5ooEaOClZi_7GovjsTMuxPoVYNTQf7hDuunx13IhD15SztyTgS0kOYYnyMZlM2aGpcbG0-AjRlDDJsac-QtNX_3cjENVH_IsEBayEavr-UsF0RNE0DjymX--xvDCRjnAIge7l_Zq7rO8URiEGPA8qCt--mM1
gAAAAABovGOVXgQbJWzIh5nix2y4hx_09J0hcNaqY2YIbBqIVXn1YTaJcz4_aZvVLlGbvz0BuWjCFEV-mJwWXrh_c4iI0pH1W_MAQYLV0ZvGNvrRCmHc-3MW_87cWCX1jjAT3gGWEc_J1ulLzv7V5aKYW4pUHl2F2Knx0O6-kKWg1SpJQTgIUsIoGxS1oDM882JfUj2u_XdrvDNuzAA3aaN4YEjFpLp4Xw==
gAAAAABovGOYVJuSCpYzY6DodOGHyzozaRLBwzmWZLuDzgWW62UocvVgUHLUToptJW3bfxzEt6g8UMcxBLHFCj_jjY8xoklVCZIuxhU5sJkU65CiCRa-O-bIdvq20GhZgafCfuIz9isgzRQw97-664CEIRe8wDtbjjCzz1LH9PKV31a0DmQgjivqxUmEtW1l4V3823bDHuapW962epGgg0RrBC0QYdnFkg==
gAAAAABovGOknj58taNmi4aF84VO8RpA_0hTNC5PiMEyhlBy16uvH5NHLxjlbBq1hnAXBopAPMEJ7ULSBRNXqJ2GvQQLDTFthRmbJfgVvOg4gS6xDWGOYcZTrN86L5fCANMyBDxBjoz1qBvlsNCNzvrIv3ShKJR_7U7w86EMtQfzac8-IR4XHDC3qf81MEIuZ_3o5A-hGZnIxvMwAt_HieqVCzzyI37FWiWs84cMIJrAB8McugHhdcM=
gAAAAABovGOocmT8nWjQtvSrSI8lHWv88Ndktxko32PeJcs15dTBhDrAKteM6UjO0HSdWfMr8R2PZmGA1KcTC6eGdBkiuIrO5Rs9-oUnxbCYhc-ZmKCE_AxCuIocFftR13CbNh_tftVXq4QeOXqfdrph-BufPg_roCOVy4RiHLHRRWb7DZq8bo8TdCH7kdTZBfqCdo-D1wOdJxtX7ryQDrwGdW7VKw6xHQ==
gAAAAABo0mV78YZ9yhizk_oMPU8assOLRWvo45Wy7KTUcfAsZkrSWj9u-cx37WoazmPX_WCwLAXMSOOknAmCKhVVw45VBemti5BftQOeVhx7VbuSIp76258RzRkhgmPv3PxmFR6xNiF7eNzNPdlBisOXzEzrE6Km74xobkXaTchG4kbR93_eWWA6Rl0TsyVA8Whh_dx95MDe
gAAAAABo0mV_uQUP5g01Jtunxl1rLKi-2KDpObzuakTH94JJHs31LnFF1KyGYOvdkky2hNNbv8DjweZazEDDXNk814bAGSWSQ1IsjUdIVixuIzHbHzrZctWcHuJV5VhRqnuAWbGrTrdFJNzilCr22q0UGiAM0gcnQ3MiSnYcx3WbdR6O09LYGkjMC3oHFaDK_2aIPqxB-mwrkqFIpB5XiLGGw83peEN6Xn00shclwe2tkNtld4uqm6c=
gAAAAABo0mWOf6vmeQiiytFHr2arGJ23dTTCNGflFVyTVonqz7UeyjwZDYi5L0c4bVTYJrN3h30G0-Tj9bULzlItbSWf4164XVO5KzmvRpuvCsZwkrIOTbawkUN0_0aDSFEy7ZS7oNuErm52H8HuxWkQTGA4CEbDWE-mJh6WB4ybYx97r9s_s_vIotYShno7QpDqtL2cJygCEQTKjGEAflfAJVC8LwZaExAyw-TkQlPjRWleMy6a18UWCVA1lkH_mUtRjoA2p9bJ
gAAAAABo0mWdjlFuW9GfCoBNsfly7a9_B_8aDSPyIfv4uFXO4k0mmWsYoi-14gK8Dtsu0tndTQ5Y-rRGF9XtIOT64T50twrqNi_LCNxTiqwB-jFUI2fryP6zVxQDUdBK5uUbJqweqjdNQsbK0feLwuTb-ukLnoHnNfl3dmqa5Ns7bFk6I9AS-K-XHCTA9fWeBoBoch9-y8654p7Fe0YmWo2qAphV7Fh6ZG3ihhpGHuEeJ3hz2Cz8u9k=
gAAAAABo0mWfe7-zvd-COomVJFHQ4oadu5_d8W92WiNlgeBCPeHmY5POV2GBWRdC-6BVzCOtNQlyCt-oH4K98uLCnaiCiwoaa2Pkf3bgjLltzVncxHWsdArhlLsNwV5vwHyTNXerdCJuPgSF8dPVgf0tCrEqqaBGoMjUmej8d20DMHeY3R67KxK9IsUe5iMs65JHsW0pF-qrNbIKxl80cdnS3pY83TbtValWN2VtFEMkcrlZVev-9dM=
gAAAAABo0mWwRDUz0mOUMcwUvCeiRpcuWAjFoQHo7hv4GkAIFQL8B-DHWD4lYsiypIyeZ_7ig8P3Mt-dk2eUovxp5nnTdoO5lqJcnJVLZ4tAGDkDz-CHnZIuMjwfZnNcfnkWogiRTJXbxx3VxW0csQV6f4eKU3Vk3VK3_VgJ7WilkI5V8X8VmKYVPizO-XeYumRvkBQ5ZU_SdZqTjy9iKpMAtDqC2m1lSA==
gAAAAABo0mW_JWACrEY0Kzew6MQO9JAZEnmmOcbMYb7Hhv1mv112bm5oDykcg62LSDh8s4gyiuD--AADXp9auFZdQzASEySAoeOe2nidAqiLI23dV2HeDYIopgzxgbaztG6YcZwq8U04CfiFh_XUmsGVL6DLUDwjdWAgfByvL3PLjsRoPF0eAmmz5iVAaWEGPX9NTMQz359f3PtRk4tGoCtAcMBaPcoAWg==
gAAAAABo0mXG5D2j5FOBx7JhxxbOWND3F4rBw6t2gH4_Rgi3Vt4OoKiehf6N5sWo0AEw-0kbIAL0S41gc-c9fUiuAlQgA54EJ93oPyMqcrpbWE4jqCcKBsO4UNKcIkqKlpfX8Ifa8uOHTfSMr2l_pksX3spdJuurCu06pbaXf1XuxmEk4IJrg6NLIEoEmNUQKkzCsKjSii_zm0Z6QQzVEl0AaCvXJ-dR3w==
gAAAAABo0mXM3xToNccsunRBF951dLPEug-yq9scMPGgEEjIbjCshur6JAqe_tW3145rHroqctzYrsOBw-grc-LlHmCJUIVDuGh7WyjabJ1lLpOiNCxEFLTdF2uFqRN-WPWl62SSYcac_3WogUSDRsptdO3B8LYQ0ahUSpeO2P7nLarKa8kYr0Ys38FaiYTtprSz548Nf59fROPLl8aqiH5eBTtsoqzTyIlrt9mwvJVypSmuH4an2yw=
gAAAAABo0mXRY-IM7usxFYuepMJ6ukJFEpQ18swRFmxxPiBeE77qaK1U2PsWlIFF2_bGXMFqS9m-8WDb3PHSgm7s7K58wlqzFgHSmbgQG5MP720Av4zc7uafJeHLfHlSIycy92ErjqrpctQoR2d0vEZSWSdnpmPbaUJbeMFi0Knp8A-bU2Py8m8J-IBte-0vGmov5g44Su_IbxN0d3MyDlHCFYd_4w6-f7UeDOGuJHBEjjSGHco-LPQ=
gAAAAABo0oIsYBG3qHlq99TzkJL5qT_HSkXleaTjTkzcZUP1WQu8jsHI7uzZ9yIpxWxg3Z1_HcdnCUz1e2LnLQBYhhfjxrnNQVyu6TkR8YzMXkfLI__mhK4sWyg1ixNOaxSHqfrDXqJiBnY0EQHOZwTPciENZb7xEEFNXZuLutZVFC7IVq4L8XFV8bjDer4Tiow-uKve9PLOsAIxq5wtIb_gXJWAb9VJCwmo6NlnJGsnDyAo33btYtaoS9cK5gRVnkctRak4yf1Y
gAAAAABo0oIyva6_SEoVmOL1l4MSdnjowgpeaQCDuItb11nkY0e1KXAk3KaBsN6Frm5p8i43edIxck9XOxrryDFMeOfTcl5bgvEsSo1whvza0uZJb6bQ-uJCFsds7FD6EjNCBB1XNr-R5bAhaBi-UXpcBToRfawHjPJJe5cRdfHWrWlyFg2twPufn6mhyRWiO2gNldNd8WIixLEZUVI19IbkW00xaQ_pDA==
gAAAAABo0oI5uovflnQev9KBTROSzdMHLnsi4XNyriJBULFZDrTKnt6-_9Lop53n3CfhTiPl9fk2vdg21CQMQXdE-yts3qFxEYFRrVgt7FU0AlI1Dd7uRQUu_8D4TMzVI5lKumT_lTEfuBnFJObRNT_Whd8UJ_iCNyiuK2pj8vfBAHD7uS92MYKEnbwwl-UU6QgnXhMhj97BnkUhM1vtvL2szvy7-6IIMw==
gAAAAABo0oMm7N7NlM3kuHmuYgTVPQjft54wk0WFAtpy3vQuVW70gxYDC_rloztpegfVkozR5IkwHlsznFuMsnrdiPpLFUghSXTr8XOf57xofy7nT6sivruEIzF1zBP-opBxkHuNQgu6zjI9C49vvCIaZ5WpH7I3cXtKTREPdb5on9x4t2ty5PIvT-JDouv07ghaIqIYAnnY
gAAAAABo0oVwSHU5HkpMlw4NgWZfhBHsQqPaanYL6Jg54sCaZBY6fVcig5_20xurOosLnQr4Z4M-5XlEPc2veLlR_uh7te53pv_BqTspI5IHEqMaHJxx94oH2uQBuO8vU7Ev1ONyCE2zh35NkIM_WtJlEzmKLQC3rOea3RIINfyEA5sDqZxTn9nHOrVCZbtSk9tG18spEeMFuEK8vGCq7pMnT9Isy0Mxlg==
gAAAAABo0oV9oD_9xLLlyXGJQ2nGKisv2F2jOmv10j7BoEgdMs3Dkoayg4Oq-TgpwlVgXgGGU_DjoGmXWgMUErVL7ZWGU4n_hRCFKw6FGJRz7hmKcdrK3611cvxqysuYZqWES96xBSb5smUBeKURaxH3Wc83FVZZCaJZ16G1rM83wkjycuylAO3sf3nC4mzx1n84Iq8_xROxF_WYZbONlxaPuDXW6pVh2HiZNsOv9dsgapBqVNUdbNvumBUu5sbKbuBklUyANU2h
gAAAAABo0oWLENG5beWicSBCnpbv1BnhA7xLOoDq823O1xbqQPm1IDa7_h028JSsk2OSr3e8cMJZSqZu4JfUc2wV373gDmX3VepglM7VWgVTVKWEj78PSDt4J-FtOES70nJDg3MVkmXTEhi2t9o8z_uEmkv16D20TNFrJw8cGZbMyXCL9Ms9SyCNkyXuNwNc-ZQtNZGRzJJg3WDHGtVEYvbERbAv7gDqCP7w9_e9BB5FGd1Un_fZ4rM=
gAAAAABo0oWnkpI7sWue2886h7WHt_XoAPLqe-pBCdTCg1i4meTxk91NPdi1ZfkXSUMDkdxvrxPQEVcZ2mv1XsbhUT8EIMYG-I5RxjeQo8YESnsQoGmBAjOoVb56MM9lAeVelBCfkSVFPVgu4mjh3XzEjeXoXN2mqph01SbwaEq_Ke4SItyCsPk=
gAAAAABo0oWvc7EH8DZ2m_i2rrz711Wh2J2XCAXktKLP72DUaAxWeNY7nUffabszeYjLAVx0_o0c2Dn_19zBENuO9Q12Xf7MLAEz6Koz_S1uKnaV5IclauGMh-kLpohz8Lz7ICUSW1q2CC5frOr-f5UMRpJC03wlmEhXFQANevLmnL23C_xMKJoRVkRT-OKRs5JxyX5_n9sR
gAAAAABo0oX2ROspvqMWO9dsfFlux2TC9Iz0jMh3Kb36iAoUt7vuQcweiYaihqfvtXFe25Hj64k1wACtmTitu3wJfSF-OCxYo510AFELxZud3mazyDUK9eNC1GPUrHPK0XYBRduhAioSIWBOB0Veth5uBBFJHjWkYqqKY7tFe6SjRZZs6ZtMcevkPcXHE7xhtHMPwkz2woRO
gAAAAABo0oYCUXz7BP8vc3-rbSpJsANlzpsvmbNQTMb2FFZYZVbHq7MjIuaPAPNBubahVq4NzCA_4d3lQ8h5HVa4N9wtpTXDbpAOeCSKRef8kILCNYw5e9NkzrhnfiBeUVLUjozf6OlyGO6sULRDXeWo0vt_CbiE2U-IFscMCRTXRoEsupwYj80iywn-mkXnW0WqkpOUhrnPfw7AdrfmSVy08bk9ofJevHGcJSmhofCN6Fvcy2eY3TY=
gAAAAABo0oYTXMpdG6OEwrGzuZl6cP0tzuuqCLzVLy0bsLog2d4aoGUF9VSS_tgBXtUsA4MjLtv3K5e68Nc3B7H2rIxbXQhCSDa7kWwnjSoXgYbDW86XR7qReutyH0fviIXEPZukQxrBi6yUUBelsLb5KRuM1rkyuGiNR0f_I0CH_6uNqdTqSslR3_exC7Gy8WnerusxZM7IiE07ov97bHhop3rIAsAZ_g==
gAAAAABo0ocDSALYWzzQmXGsNRnxyk2uXRa1C1pdlLur87Gjl4nlwdubTuhemusQyGpyOG3owdvC_Pkb05I9SqBD1xUHKsJfYTO72lVO3jL4AYf65h4iIfOxvV9EuCCUZTKL6i-xcavxm3l-nvqm4kd1pKVA56RgzkF0UdLMraODLvcxreMVTEgxgAivckQEwYGXQFQpMtoy
gAAAAABo0ocesk7sVJcdoEsKcbjUuOR17bb4MNYgOijShPjKyqIRxG9a_D68i8s9qKu96QgF9z6t84KZVB1_RT6SRK2GEB2ytBnR4OqATSDMMXsZR63WF3eBosdOW0xObfuHhQM2eJhGDaZ7B7Sig1Dpp0veOC9gKXjkiNJIZ69AxVnHOyX4w1vXOuR-PJ8m2zXP4yzVkvn8fiQhfJbU6JuYVCa4NwUzCmErgLvFDQtlrzruHMUthSA=
gAAAAABo0ochiZtqA36Id1_pqaEjAA0bp2KYPnXxeeqsTd-CzlUB_N778U05gBJP7tANJ-i1UD_qgTQAghv_oKNHUEesD9KhV7dcYIav47wmEDZynDgUjp8zj3H6qEf0oSqjMf75ITDeEur34JsSsHdG3u9HuXHTHojqpaBCES9H2Kt1JPGcLD3SvFzfJmeNl2WGyzWkmQvBBW8OgvKx3Hhqln7S2K0fuw==
gAAAAABo0ocjeFrbzxTqj_1GJk1P5juhbJ5Krous-Ir82js0H7rism6ayP1tmvo0n6nNAokwpRiBz2vH7MsplaTgGj_3dn7AVjuiqEfYfVHvYpMAqK9LwIpFeTPFSoEoGFxbtDja6Xbd1x85bmVetAR_3EYA3QstrZt5fSztctri4n1pxmKs1XlK7Bm6vhnoOyvy6ccYQ_p5wHT05C1mn0C46mxLDfisWQ==
gAAAAABo0ocwb9PF8AyC90A6HUgfgqk6KVFDGcNVNK0voNMjerkLqxBIV71M6xL1F6_wQMy5cSVztCXSz5FCiH7aldYGur1LkyAjmt7YNugW4iJYbIxk0KS9F4fMh78ehbShzKBDx467eNp-ZHTNDmxMnD7ij3ZZ0faY1Tk2Fl6YeHva4UC8oZjES5E5rMhRXToMj_N9Xu7VyGJRQNr7U5ehfTpjlhvOvZcM4MbMvzNZ887TfvfkbAk=
gAAAAABo0oeXHTnQWqkxp57FnafwXhUp4Gs0F9_Hk0lUC8nBjJS9lxP2vUMs7BO6BL2L4eCnkbk5tgRBrl9bbv8ZH5u8V1NWQvSokQy1TQNlaAn1p-pzFQ8E535iXunlTN-vMC3JUFr8sDLE84Zg3Fl6Kyg0bZVjkN3N-UmppgzMvYTkgQ3dctz3x1wrxo6GY4_lVP4KLsk0mJOb6ZpBB-K1FOM8hM6bJA==
gAAAAABo0oebuANd9_sdeI2gS5TIfE_tAiyPTBUcsDL3eVmMOt0mrZkClTBX6F7EXvrZYLtBGbfEpQazrziD8QRu0ADRRm33j5aglXJhVmd72ghuSb85qBC_3yVA5WGIyDDpiAmtP82xKaogxQeDFV3t2RMzV4LMCQg884s9FMMekSHzMz-OxnVC0lFtNbrOugTFwCGXqwT20ZfqF4CtHNrkaOFJwExOzg==
gAAAAABo0ogDeNlKREbJfZZ7rDE-RMgo8bTu7hyJkeFNP4e164Ua4x-rwyR8CPRf_SeoW0Jb4VjZ-1t3-wXwbdU56z1TOlv8fkS5abXpi2iRwgZMqsPjnKZTu6MPlHTHInYN6qwEnLW_X1fhtiksME_dA-o0sbBF_LFS6kG_dEKf_LGAQ40AK7t6G9Qy08dWmwmN0W2hwX6ZLIoL0U02LxgpO_6bdq6JiAQ2fElBfxtS0AFr1MRGsCU=
gAAAAABo0ogGdq44BVNah-Cvg5hV-ZWRRQ-QpGeqPfy2ZgiE77dmfwXRWzkPO7JGi4tBTsbvCO9DzeEftTxJd4HPgSl2PryLLQJ0NvTGjzjZJolqw_0fC2trcY0qU4aI38f3AjZLoUb4F4mp1yvylzy-DDi7KqqwGeza2l3evmbmyrTwFp3eSc_cytpEkUsSy7k0Pc3MxJ90LiMPnYk-WPkUMTskSLZY8g==
gAAAAABo0ogYkxBbbb3I7rQMVd5G04vGNDQ_ZYJDjtV4cCDw4Pb-SKThyo17ImfvZxDmXGrOsqEmBUKJyk372zbsPUYDztgTO8w_5nq2cvpsG2JF6_RkdqCcflgmCxUkulkuy3aW8WcQnnRAD5DR_lIPJqTRtX9ZGRdGsH3aLTZgRTgZrc43qydX5gCwPZ5wVPUojvGYDXCYLjoY3Qd9W0jF-jlFZ-E6-g==
gAAAAABo0ogfyfsMcBgNYx_t3BEOiYrMu-GpWfv7WyspbLlu415trvz7Fr87g_5Rpv7UKURV4ZTw7jBAc6FKaFYLRu35K5YiDDxiB-5TKUGlJ9AucDQdhBcWUHU8kiFCWnazdj-rWyXIMN7hhfq4XaHvRs7N214lgcVT3o0nIhdWPPBnU4HacqPrYPDsCKSU5J0_p1Y5WtRrEPwjMfLA29rX5cehoXPPyhrY3URRpXHI6k-UxNrr4P4I1fnlmIyDiiOQ0qXBKtlL
gAAAAABo0ogrBVt5UhZP2-vNJQkuHIrNz8rH8r4qcvP3Ok9w8phecrt4uiLt1WQPrlhbuYWhvCg6P4KbNNL66ciBR4g5lWmSlnriJhnjlPeC7js7QnMdLvbMSX62uAv9Q5myP8iol_6Bxjy5C1kPq4Y-pMFPoB2WJBOqv3VF4pZzFSx-aPFRv0MDCUPbH-p4bCrS2PKAmrAn59Wz_vTsduqJjISxQ4MyeA==
gAAAAABo0ogu03EtKqHvokPcgSaAlZt0mpN5gve4D9D7ZluIcQEgC_c9VfIx8480JyhFXQsU6MlhC-B92Kw3t3PnIokVv9tcaRKgXM_JXdaWls0etZMoiDo5ZilsH3JU1o_CvATkBuvsWieM7agg4hiybYUTiwSZj7ktER67ZqLkwkqCj5Pzlz5q8wwjHG1NCaUEjrt3y7Jiv38ZOfbhVMZyUQ4dKk0PtQ==
gAAAAABo0ospHJSI_f9phAwcC6puLEtrRS7W2S8ezt7uWD9XQ5DWFd_lc2IMYfdS0fQv-rV2N2FnHhhZ9tMewwOgahLGFsxfBtlNKyB7vawrj7mL0LWKbcCl5UTjBuWC2J_Jpc1UekzwAPOeK0-Hh50C_tbxTDA786nOuzutpszzW_NOpIopAmS1RnLnHd_rxuK9mubR7Io5hBmeyLTGn81Ban-HWpouXA==
gAAAAABo0osutES1a0labU2KUfEwp6s9nLKd_q8DEclDuzjl720RnXownArOSEKauUTMZ5PLpLq4Zz7eIQUXZOV9x6wLuaC_RynRLONoMAOKL0cZ8qHZzlvcOASes2Wv3_xfR4elNacciu_qEGMe9goxP75V2JdinQuhENsCW94_t2nZm3MKsuQMcyjKyeQ_l7C71Z80pkUTVurAsGMw08Fs_GWZe1ZPaQ==
gAAAAABo0osxaWQj9m-NWvQihDK6owR317g1O4K9bUSQjqsP9-qaH-2kUyJ3hyOTGFvlOxYF0qUwVKyNxDsgVyngqcPdGgFCBZpKl_4zfJ_v5UG2N5WatVS0Pc0qS3jI3SNyd7sjYTwWvsKnvClhwT6RyI2yT91m57mv-NQX1ZNe-c-dTyeaN2Ocoy9HuxK1k_1W83Lv-kPZp_oM4fqJgJR9SZczZYrNTg==
gAAAAABo0os1LvTf1c98FD3EHLgt2A6kw0IWsU0hHVvUVUbiLaBJJz3-BawRQSYGxvpQPJh0u4jBvb9XWlvNjzW_JwIFq2wY4Ph5FVbTF8t9nH25WC9yreLxBQxKZG1cRiBkFk8UOts9YtPv9IQjgwb5FPCoKyQKWrhYjWzBq36y3PY7FNWLCHGoRnvl_sHOeZW9GN6v8l_l8m2_I1dYMw-XdX8qpeZ5Sg==
gAAAAABo07QXtax_mhrI9AZqPSBb5k6EadVXzdyPtUONZlNnT0F49ebeaRNEp1SjC2joJHhqNAin8f4ay0VDz-UNiPhuVKCV05R3ku71a5UVlVV_NU-tIE2ycTrXY6tlW58Elk3nb-zkKu85K_y_tQbWUMvDGTkbljbFfzFCsuoAnPu22LLx23ufnhZCLnxUWZDnQCBwMKgv
gAAAAABo07QvaeDo51Gf72Xrw78TdpokAnydD8kTHalMzqH3YNBuwty1D4vZh3xY-gw1jxOfx6rEZaWmoWbDsIemp8MA8zr6y6UeoQ6M6dotfSDbkLWTBkBFPdEgy5MAy2ImThSty48Y5EQJ5Pc5Jnxf_gM5otLFTjyWdQr9yFnhybLo0aF1QWGPOfXvtuCUKde9LvES9GzPRw34AMnfKu5xktZPbTLMAralX8QYngs-CP-D88GbADE=
gAAAAABo07Q_00vIQ-0AQNUsVSCujIVyDY9k99vX96j7sRmhs5P5zLEHuGGpdkuFoleGoN3JAgz9wyJ5Ekw5L-0u5Xc8AdG6zH3VucuwZ9MpV-aEgptpwFnPUwwGro9JeyCwZdjNEVQTpLV5di_zBj9OzwcHhZLJmZ7MA0gTSiStmEajb9tOVHMgPew7XPQ8L2mCyep16uO7Xtia17n33wh4Q_fxAS1nMw==
gAAAAABo07REYqUVqpNpUEYlO6bSkuveMI45HG929LVYlxX6HVo5nuyZeLR8Ztza2mUnPBBaBMyzsVkA_MKOXJOS04mZB30WYV7s6CA4ntm60uHOe8RDVRbr_3jwnircJ3SSpppLD_v3f8KO6upGilRaVw-94-4AiCT_BVap7NrxyAlI7xInlfkTJlYVI5_2vttzZfUAnnAsM0IbSc0QsmuKmON4OycGbw==
gAAAAABo07RL5BVUtn3MqgzFbgMv40hFi-nlt9OgDChCd_tGES8jKa1-vzOMHQOD3YrqjV0ktSvmM_o-zwIbdFIFfUPvGbHZa6nD06RTJlzYUYD4GG0AD-svk8ugsoQ5VZ2BnsiVMz-MNTXyFxD0y-cytQIEcNcoBWmQaGW-y1weiDDl_4PyNFlNAb_Ix7OX9Ro4oiPPSC_mx3CRwHSCoFbdWO18nilshA==
gAAAAABo07RYYOaiMzEIIJ_wrL1YoUEFHfgpzMnsS71J2VIxpAONFHIQiadmLcfD_njS4SLZsU0gBbBPjrrUdphe-g6UPXFo1ZDs7f7ZAeLwxXRP2htA3Zg-bgw0LGm1u7Aq2a3AtULWWEHfsBzmmOGxLD5tpj694cQRBbqMEZi0kGznPkgn9RrC4Q99qBPcK8ViZ5TWaLjxvqZdW2uonVJDUnbq4xF0HQ==
gAAAAABo07Tn8azRUqugS8BN-bNF965qZcUeuFJ-gbyMPHlT-ikunM4Sr3elqpmgG1Y9ZnxRfJToiSLQOa-jeEMJpiE3DzU8cQg26GjvKVrnBmPtCfGeJeU7eaYy2aIQp3S_cEUjRNWhFh1SfhVr-fGb2A__VW_P2z6-R0Qt3zzE1jDUXFbNO16liv1natnNQYle-JerLhHX9V0DYqg8qjs52PlLpEXiDQ==
gAAAAABo07djcXSPmBEOHvFkhQZZXVlNLHDb5DL-7LOTL-kY8VnXx2u3fqwyjvQJzZdMa1r75_7xxwi8TtoF5yp3Ip6Q5ffKcS2otRI0yBrDgAXewPMLsT9PYjEpDeQO5QQlnnq43m4XDeF76jNwajmhKMyFlXQLb6w8LKg0nnMIjE_O-UkvpwWBeIJtu_74zsxCZOkLL88w
gAAAAABo1rO4OYvuDMGcxKYaQoGZaxUrlzF4awCIVRTFjoCxKVhInbOLhQayvgqsDwEbmA7KUOAe-V7nrZ3BTVTLzZfrdYUFcBauj9uPQvTShv3y6qd9NHhEu7EwERZbita22qq4axRZW_4xxOLdTQNb4wshds4wj7XEKB0boh17wdIYHNhTE3OdHgV_PNmnLrGmR8C8XB-C
gAAAAABo1rtMzBraTlm5iHm-nX-ht00-uPDivFw0P9QEbSetFg_fsT5kw29-o0nfADv0RmL3lL1n_xbuAUcqvTo0BgM7e6SKjDbnS_a7J5iXal1ovBcGijTytJddvDbVvrtxTZPE-O-nEQeIHKB16gKW6PUQfizFEZGBY-i826cCUCmIZQJTztKYmPe_ydjl7jiwMFoZB-lk9hAMauwEXBHXTgchI2i_ZQ==
gAAAAABo1rzULJjROLVWQjax5dobeKbmdKsTlxf-WaJ98GlV9vFX9I4K1eSj5hnNVnx8F0JJmnAp-CaldXIXUb8U-7D7AENkxvPYVukoewByeoODv68vbTc72F2x0MkpHaNV57CwskY3X-PAEpaw2nQzXCFgVXY_RZy9tU3VNYlphAwGuGINVwfH1iW-RxrUESuElWtXxjoqFSWMpayK8vEjp-a_L5cUXA==
gAAAAABo1rzcld0n37ImbwDAyBF8L3PCweM_rFhw_RF5M6HDiX-nqYVn35LulozkRYJIsnCY-yNgRtlYpyyB4fA7fyrn99xWrAFo2aBnF6JZhGSi2wrxSyixOGVcMbD5n7o1BFZYcpT5hmA6g39w_c-b-U9S2x9vgTRoCc1N-vtA0sXCkoBUd5jL89GCkGID4xlGOkjyHLXNuGt9mZhvXOOf_qsR2EO3LR2BGmyBNybATBbXWlHJ6EaCuSc-POdWzdyZwzgbtVzt
gAAAAABo1r6NGpRUp4InivWK2gYMHhXkFfQev9DfXif0H_1UArC36_begZ9vptYQTvG9j0Eken_gNAPuabmnYeWmqqXGepCttGzVKaCuI5_jTSurPSSwJtE2DQbJhsCilvAhYd4zzIDaL1n-7Jp01cCQQHg_H8q9uyJlnQRi0471F6Sp65J7J6PpauCVDLsnM-yR4j-ZmkBTUJ-waI8Onrr_5FZveKWYyw==
gAAAAABo1r6cJLvvZe2XEtjjfjiXjViY5sytkEP3nKxEXsDAHfHfOHTSvKnUajN_91fHgKCeRK2A1EoXbPDKcjaEBzqqyU5w9BG82xOJA-B03APFN5C6kCEog-EMtoiFfbJuZ-Lzv3IfC9MA3667OGovBgsNExDM-eoYF5Hw2iZDTPRq0H1iw8HKN7yIhE2NBcIFupsrwRO3MYxNe6FocOW5ID7dvVehBdq8fjvIuU6VR9DJVP5qvPbDQrABY7IvcPQHpiQOyIh6
gAAAAABo1r6xCF8KS5x3p_0D0q6_MVTNkQVqDgRfe6W1qlJWDQMwzMg-HQ5qTrPwQXyulqmd1LlsFBA1Rykg0-3CJ0fdPJ_UhX4fsDUzJYH0Q40yaSHMArBX__cQkx86xyovyr5IsGWGOoJFZbgH0QA3ti0offCncPf79Bf5CrLk2wZNP5P05XtYSaDM1iqrUeIenygBffCf_fxS3BEqa4SyEbxtU_MUMg==
gAAAAABo1r7Pk9P4rNqRZA052pIHrg2lnNzc8ZGPv3EQTwW3uy79x45KphQLFyaCt0RrLTRo0HGezrqT42_PlIsYSlGXqCdLAANme_GqlIETctgXcStrLPlDPI_38NHJ3En24AewJwYpr8HbDFWqUMSm_gOXU61817fAw_sgDuGrjaLvo3YFljctlIGav9MyCcXpu5B5tc5i3lhDo_K7chcLjfgTzv9oiA==
gAAAAABo1r_F06VQuPq89wlTZ6rK3J82NG6bEUs44L6Ilhh6LmnwFgeMCdUlgfhAM2x5teLa7YBuu38Ci2zQOTkyGM0GwERAqAMGCFGbXqMioOVoUHRwumpoiIjqAXygpU42EwT2wym-lOPaIR4KJdHFdQpmnSBI21trT5NjFWLBJVY8_jwHOr2DzFxGTbdYQA9JbgB0Xlnj_EmntsvvozW3HQHugnjEog==
gAAAAABo1r_jfwhR_CwMRY6tGThZ9kxeuKnSxBn_0uH8z5fC1bJcz0-fq5jp5s1W8uM310exJm4OOB5tDV1gV48PsUJZj6z3VWjp76i5DjIAKdL1e6ipE25Uq7ieCw4bsncThkI2CXcMgtxFY-jDA7V_GkDvMVHwxwHuFt6xPwXJez2wMQkGULX17D85tesf8G29ozvhBRyUOxkZndjsiDuUJDjgMMQq6wgZPT_eshgGHw5DZ03iEu4_gxms5XyIak5Qx3eneRlP
gAAAAABo1r__MOcspyRyE6EeM1mKFkuiMxVPVeHhk286IYAYqOqZO9b4lH_euoaIN5b0wM89YV3ouj6-f5NJwQC4eO0PoI93_ZghJbgNM4Nw-JhBVvBPEKrh1eLDgEXd1fVh9QHDUMt1ekK8WR9OrPuVLRa9cKXulAbePSBmT79ZdF8g3FghJrI2BIR4cVAGlBl2p9uY_FWgOBx416pPp2Szuijx9UOjB4mo_PrFwhx2HxnegAE2UflKbvLXTsc3SvimGJBHAgkS
gAAAAABo1sAEwmIDQ2vcgyV2cUOgHwxq5ZB5RInahttGNE_RrGgBKjkw3qb-zHHlUUWcJt9q-HyejR1bLMZkS0ykNWOdqemo8rvRxVbIUs7OBY2tnIOb9tG9fVZaRjoTZNPVDYmH6OL9Vn88I0wHZ6KljH_haguvuguT6gTj_nARi2efU67rWTYE0Wb9qyuV5QaGQ4mQth3aigXFZr3bC-rpud_o4ijpFw==
gAAAAABo1sCMioCVT0QAzXMtRuPcVmoLwt68kpYuS2fdNUMAFyGOt1688QGpJwRf6aHLjpEgzG2yQnB5zAPcAwROIB7P2b0GQyjVUvNbB_FH0SQO9bUnvjASr3VbX33oFA6fFiGmJnW6I7p4E49IQPb6qkwxqycqttJCgfeL44oRBzcIN8El2jR_qsKV1TEsBOXC7jaB6OpRu6FAZ3vqebHlNbSqVHIx0A==
gAAAAABo1sCS9IRdmr5Gwx6Ae_7MYNH7ui3jtZ51j-ALc4hiDF-w42gL0wmZN6Kaycm67cBj1rcL5McnbnV8WqlVId5vlLYfClq3tw4iQeb2rt-vgzioyERyW_FKnCjX9YBYq7565-8JfA1iIIkuKUkPJ-NN54ZdjitHhuA4TRb6eGeU5OqXc3tXsvoGL-Gvsz8B3hcFrYMQRcDWCSjzvLFRJJIGU0BV6ISumR5TzoPbI3VREM9sZau1LPi3FisPSagIfCTRC39M
gAAAAABo1sF98OOeM-WoqRLP48zvzY-cKRNxImKjZlEKdIRqKFvE0fV3wBQaWtUbg0DqVrTFmthx9uAi9X_LPt157b-EzpHt-KYOsVgdZykox4ZFDqzjFric7RMGO9XKcxZGe6KUNm_gqL8U6_EGR5iAMgkC5cKspVHqUhryaHa7EIjMy3A1LhTW9dh80DOGkZHdjtA-dpHKvTLF4NaWDTTJiYfLoy1W1w==
gAAAAABo1sGFlssbzcmJi9Dmi5HWy4nTwz16OAfPyEiZSVsRBngts4hMt_ZhWaJnYzHGzXYIePVtZiTXmti-77wx3uHWdBn42-8YmQBPabiH95Xt6Ae7ZCAF1vGkayliUcY9WWSyumB5xl4z4Qr2e9JSg-z6jt2757SNHzE6-NQDIVje1G5JHCYR4DvIkkfBb9CxehV4Ur8rQi13cFBk1v0-exIVo45PTkZBZVbgNX2lhWLLOdDjClY=
gAAAAABo1sUxDM8OIj-kQBjHPhcty5bOkb6Yk4puz3eYy3bYlDx7GlbN77CFj5hW_CbUef1mtr4OaIN-RbgI5aeejzrE--84WLAPO2MmoBoCQMCjRQNt_hJSfT9oREvSKq7V11P9Jov9UyG50_F09H8TsvsUMh8Xq0_uBdSUtrxh_7MagdP1hN1u0RHO0UJS5K1gcqaUzt2feAGSoXDC0UCjsYoqyORNKw==
gAAAAABo1sVBnrsL3XTNnFSk9vGEqF9FwloCR3IGh5LxOorofLGePc7f_uQfdyd1VCetSyMotM1StiGYVYq89LweNReQbQ6i9jx0T3WeFrHKGaqXEg76jgJb4dRTtxGjkrlCTPw2S1yQLXJwO53Ue7ERXPPxw7dZbjU903IQKLgKs4vRyx93KPV2M27ilKkgG6W4fDizn6itk-032hAowI9ST2gIq4zh0T7Afl-JG-i1zMKs4Bt0nS0zpd-UMO3JVKtTGT79QfKf
gAAAAABo1sVoVAWqVMcE0hgSBnpVwzvm_u7TMaLXWsyVGil4Uo6gHT44PbDX_YYlYOc-jpYee-UfBvIgXLrny0Gnn9W3h5TA1uqGL22f11Mg82kS25p4Epd5RudAbcRGmQdoGFyQ8hsYwhgnpDvMoNjzXm5Of8VQTay9MU9o0blBpKa7Dh1Zr8C9Qm81zpQf-tV_IZNhLY4LyA-fHOGXYfj7OiJUsUE46A==
gAAAAABo1sVx1z78lp6xIA6gL25FoeBlAt2J2FxHb9FPd2B68Mo5YUZtrErQ84aL7an_LI_OKVHuw0lYe8ywv7AIHTRHy82_2LAIMEIw_67gkXZh5shyhqV65wwwsS1_SibKh50kUyOSahP5qP5rtJoFDUoJBcti6u-qLo9ZY19sv4_D7FkLZeghq2YUYynoaEzSyfvtfsVNAxoIHFG0M1WJm-tcUJMu1w==
gAAAAABo1sV6P2SNV2GN4fey97y6JGSxQx7u2qnSImAnnoHyQqdeL_w3tBSskw-FTtJtRH_2LJkpwmqoA0zXduhTc6LcGn2U4QiXuC7CzgUF78JCbuFMNXludYXmjts628t4jZXXVWf2nDIyR8FvfcKiMd67tTJPmfqyf3gOqxwBesXPVw4jZtTNmsBmaIbCjWy16ss0MtjqU9RspQD7noc7L_8Oi5_qfQ==
gAAAAABo1sWGNhP-I8e08m968SaCrsmi-Tp48lIxkrrP7WOWNlozHZ16ZkwvhIcS8yZHRnbQUFQXywgDdjQEAJ_HNb_k-wG38Ua7V4H_NND-Qd7MnWODGVRs2TfluWoCyRUSnmI9Mq2B8SPL2SMg9SS3Ym6gz5_Gz47D_H_BOIeiWPfpOin9GjhOZ-MLDR7D0CXJXHYbXrdNwRR4ZXEIdLCq-3XLoLdz-w==
gAAAAABo1sZmNKXFHs5nJFLSTlyJfKqXCrDZcy1oKj16I7lITo2XYEAps5DDyg-Jc9MeDX2Z38FEYQ8BhUEjB5DS3NLYp_kJicMG8Kjo5_DUCXQec4B_fdyJ4x4iwC32uhI-ZwICvCfQILMiYtic1QqhxJmq-4teZj63VHyuyKykBYvC6lacF50tAX3mPJcFA8To2IhFsTmxwGllwKNSNw-bzp499AEJHQ==
gAAAAABo1sZxpKzNmwhvSRt9uL5J8sLD-Zx6V0Z20lwAr_KSyJNoRyeLpXjZF3G_C2PGbz7QKlZCl_DCo-aUnTdmi3e2dGfeyfK37Om94VZZ8siuwxoAvPEmpt2nGnnHYgJeUICHBikTiyg4-oj00dAGBUFrF6IfGWMu5J_HDFpAqlZMRLIlmC-7XvtzSc1fepgFbNvBZAswO0aUzuz9hJ3uY0b8_TPxyncwu2qkDAtnXOoy9AIcEqv8VpA6Tx66UilBxlDrYlcF
gAAAAABo1saDQlGLfyxwDSF6rR5Uh22JACFsAIUvfVPyhQWNVPffGG6F--fvAYf5J4jkdc3lP5r61URldw65aFg-bB_ITd_ATd1gSJApPRSL607ATcoHXZM6moMEagqxhu5pCIBSuGt_CK_jk8CNKxUYak-2lrP3LF1VSe4D1U-L2AdWl2qrNc5Hc5baL1KXO57IU_YYayztDyL_kbZyDpYj7jNHGxME1w==
gAAAAABo1saIyLW2xhAAAph9_iHKAD01i1FLcwEh8yUkK3Tfd0S2LZffpLuFfEokIAFoQNs8N6JFt9UDtzYNCJjgs2wxe1qTDq532ECIe3XykpqEsK4EHIHUh1xoeTgIJFuoECmkarGik5l6KEFAkZ-3vbmlw0K6rF1UMZNcEcCbbjkS_9UhnrK1F96EzCMgYfnpk_2uZM97VVODTKF_vr4Nh7FPZdWTyA==
gAAAAABo1saPL_T-dMNydBRdwS245e-xo_7wxoDh5IBINuRzXpTPeZrKT_s7Clk_zrWixIDdgQJgb2QY4e9K8l79-_Zxjid8RHgM4c1ldccL3vfXDDyz1PsDnGl8VQq0WUkCf2JZ43DfgmeKfTWa62VrXRUs2tj2OmEcqkchUsDuNfSqgJrILVzFjdQIpWPXw38PBFMjV-KqzfJhcjTcib6VMixa1I0zGQ==
gAAAAABo1saTpJHxecQedM1cDfWMyq3bygRKjH-L82TPu3WdduUCMwrdT7v6E00att0aKRUbNzxhvapLbPV0ndHc4kn6chdR5zB2AGtnIAE5ctDQSCgCqD-uAqoIzwXlpBEp4KcqY_D9WJJBcXKyPtzqPyaDGcJR86CawVCGgQ1mbPe-r8ao5heQ1SO3zodTHyxzYLOn-N4GCwlkBnO0FGZhQEx2K4eEgA==
gAAAAABo1saW01L-Z-JiixPq98u_gGLZzxbw__2Wm1nW-syNlXdVEFY-yhVI6_n829aTnyid0M-ISf_5QE-Za7CjyqWC5Nud-sPz9iV4aNIxrYavGyLgTwrihS8l3HzD3w4w7-f38RyN5_ETPmgEymMabM4W_pwP4t03KOwpdGxCMrDbrJg96mibWYNmZ_UgxBKpe13PIsCso2UWw6GyisidWWKL-9Sufg==
gAAAAABo1sag7p8pag9l4ipXcFqgoplN23iuoMXhPi3q__uKqbjr_IzYDNMimoSgffr43prn7d0A-HeNMM6BD0z1K_yRnZFlUG2k72XEgZpCWacgux6YvsIyuDua0BhCLDbDc9evOn8o6PIqCVktRpw7Lf1GOPQFq2IWprSLNk7BLFeb7qQ4aWnHj7mYjrC-_sMgXJcdafpPtAF3HVmIzVuTKgn70NNeGA==
gAAAAABo1samxgBkLHbstBb4h9rLJxX2eWo0Z1KIQPVVnMGO88FGlcrm4hCNYzKa-pLZl89Pa2QYy2BM5uQa2KamP5JM3mk81OphHnJtgsDRUvgHXwDliOjvQkZcje8FT5k4qxmQRFDN-Ii15rTrvB9oP9GeduTwiWk_6a1Fmja32pQphe8IQdwwXE44qerO4vnILp8aOmk4lcYB7jeoyYOs5mqarGnMO9-4tpiSuLpT0zwaB0-cHJ4=
gAAAAABo1sbErsLMX-b5Oid936rA3TW1sbX9xUiwysiRCwARb7hgfx9iTXwN3W4mr5Kxyjs4AnY7p0UZmDV_N6rPGGql6JO4_pgOSozmiNEl30IE2eE-j1Mr1EOjahNeqqldt6zfxxTAio0Yvnr9g28iXzJCxH0M06vUbC9_4R8xRGxQsC8waPpnU9hSR2YhQergVL897t51YIdxMpazKXUOa7ap2D88UQ==
gAAAAABo1sedn20LrzC9W6LQYMJccH8pqZpRRMuiUcZaU9BIU2Id2ZkmYLebBLP-9zhzlIX0NJhNar50aMtEDPFvZ3glVEaSYKk1Kq95rFFi1KYQCNUahiry6I-5gX1tkLLXSGY626Z2nhHTVS9i6vW8DlrkkUY65WMuxED0VA76k52c278DpEEpK0-Qe-sICL9jVEumhIdHq69JTPwA5x7YuPl1vOH1bQ==
gAAAAABo1seo_MbVSsuIFY3xWPX5H9wIDzj6BG3JCwtQ6UTUFmgHtu_JWPZs653x7Bqij2hk-8npkIgCsg9LfTRAMRYQ7o9bYpfMHoRHuxVD0Mega800HOVGprgbUbTG2rZKotJcF1aV5lGAW7nOT7Cw82wWtF08I6XDb1cr0E_oeuqGrpgyEevt8FLTw9ucXwTwEnFnMbuE1gZaRv5GlWaYUeRGGQ1Hxg==
gAAAAABo1sfhyKMsIy-NiSQnUqVOWPiDbZ91kh2nls3Vhh5hpH6NKU0n089jGzeO_Rf7tMeNga8gy7jhmTgQ60XZWqFE3TRxEle0ZLzWAWVeT-INJ2iHjxEALLscRV8DRQw88dcZozcqtDXzXIbSP4PcJ4Gkk5YYkjCwb0x7cWLeW9d5mm8_cR6DjhtzBVXe8IPZ8nl7eDseJ0bA3YX10KTqiw5A3qBSugyFkEjWZGumBkY1UxBaIJ0=
gAAAAABo1slvr66zQmOZdaPvvI3jxEsqS37Fy5g3PDCdlLY2TQfP5rvTkCot8N7ShgmIe8r0ssvHJi4JJJJxL7NHs86RdgjEHk3ZLLc-gdBZ7xrTrzFUTnNM_Jad_OMRlAsQAX7Fev83UH1ocI2Hg9XndSVXNu6MJNCSYxDi3ixccBGlmpXp31dg9N5VpEflPYNwHE7fpJZO
gAAAAABo1sl8vgFo0vxJOMXZGzZaiWkfWF96axTgxrGykHO_sEQAcZ7184VZQpS_EADaXv38QIQL3arIyajc1WRkLmGc93yoNv0YKXX_N4ryiikTkIvLcACrzPHMAdPxEsQ8T4QWBrV8NKpBTCeI0qRy1xSyYeoPey83xp03QIA33ClmjL3rf6ldw_pRzKOf91-MOy0F6kfFtiKvKJBTUELKcRpn_9fNng==
gAAAAABo1smM3YSRlVTV-WGgHE1rAElzBpoAteHQLmG5EnDvCeRkvW5H_l3KS4Zv6m6XVE9fBddTny7lR4R-WVcrU2jEiIV0XeVAnn0uixPb_borND30iy_p1OViL5YeVD0wQRRnJQdDX-A8XDlJeD0cbRk1KqXlCBiOtjkmkfoJaZyD-rWvDD3FF9XtPzfgCycYyq6hVPXKf7YSpQjCAtCHyRTc59K21Je99I-ukPROwzHnuMDxqo6wEKKsT32jEj8eGhT_yFWS
gAAAAABo1smu4oraUQ05Dlu8rweKVveVp3MatiDmuEBj7o0EILFrs3Wbv4GtAwJymMlJahkCGANn0CtPyoe5OWWinEOEw_j87f_ypTw-RS_rrQFWChJW_JWMVYMN6lQ6gUWOmMgNpM8Bbv4f0TQkaxjoC9OaQgRWfIVsMVwE0Xisd8S8S590lIhdSws4iKCDep_O3cvx9YEhtji8rzsfqvYBnPggVPtVrg==
gAAAAABo1smyB77pRjYKPFCa8cbqSzoW5sIkkAPvfX05ZLNUpf8iHZjKJw_xk8AYgREN5lNUN_tLtOOkFd8t0bj_bQRiGvnDENb9VW6qno0WE0En-niiuT70uln1iKccwfcVLUyTDniHxCkMmOrpfNcMDOs6A-swHLBuyFAMOkCkRuphR6KMpDhk-OXGfA3-3rA_7Wr9IDQi5_DFjmmpElo2FQLkcOUFHw==
gAAAAABo1sm6V0wX7NTWMoamWhqygg4KUYFp09GpJXdhcjA9O8fMq8zUpT_4allZSHHVF_ohFz9Dv0ND6kOzYBmb-3YgtoTnqjTwMaMNkpCy1NNSMmQtKIBoeWQPDOd3NoPBqbVTDMAhCO22xlutpZwgig_RJ5uILe-4zoKfrjCg_0oZrCXUCSFD0wzDU-5LW2hx9g7J2tuz-2QV9JRwXJJG6aL1AIwkDw==
gAAAAABo1snCT0pQi9hYhNfmfWGD3sgU5DDONobbu7Bs0ygp7kR9_nqzHYgUKGb6hOpmXWUTldSWuTNg6jRfhxlksTJuFPBeNpiSp7CiNElIJydqQjwSoxmcXyz_d235J-ArTQL5zWPrB8E-9FdiOI_RKCnwzmcy5e1i2mpRNVpQur6IvR7NguXAEWbywvv_IoOgpklQrrttu-eLmI5-VQii_ANx4uvzwA==
gAAAAABo1snNxzUqKtRkXj_NyBrBelYluW2i3b6Cqoywp5c_2IWWA21G6CUVOnr3JZpkVQrFJSQmQpgysKuAu4oB3aIqTTPgKPgnsoq_Vulu3L8plj4nU6wLneJbs-INkozuY1TXp9R-6PqKa_5qpWxJ7DUF0D2Dk2pepeuFP7wXL4yOtZNgUWQzIIJJmsBjz_7t1iI6SPFE33GIc-FMWnvVWL49Wi_eyQ==
gAAAAABo1snxVGMSZ--w3y2GOmyz9b4E0og5ulAMR9issjWXsfUVc6c4WPyWckvtM5Zdg6WsI4mLBxEqsc4QK-jYZSInqm-SSkeWorrKTfOt0nrTHy102kX9EyrY0stboA1U77KKECFj-INO8oZytwPN9s9q55DpfnqLyxPHQymaZRKJ3AgrrDW9Tfp9LsyJOsLhTT60Oo9loQWTnxXJp6Bmd0FwxtfYD_OdKzFD0OYmIcHWZ_ErP5JEmV4fGHDdSot9K4ckPYef
gAAAAABo17Nz4OcdNc-Ri8c-cZC6G0PLfN4X8wyGrmRcNIqG2wRllQQyM-As4RwtWuhL5TwBgjaGMGgOyGaJI1F893PTV8J0hnZ34zyckqdifcRYYY3bX0uW3GhyFhn3tBv_bsWlgHnJUQae0eoSrL0d3Bv3R2YZfFe61CjGZwjjg82KYZ2GV-EAWu6k3Ino3Rotlrkzeouk
gAAAAABo17N6GrzrbmaSf6Zs8-w07GtBY9SPzjdmbh7hIwHrZcHwiRT09jnnK8KK58SPWvIixMVoNB2JKh1BNQ4UJ9YTp64TaAhxAi0kBvMuFLJdb_2jurxwZrzS5zRheQOT0GshyPDm_OrOxFkYCdb4sgN1uzBmaCQ7iDiYSdTxaneLXQ_qqWmEizOkmnxxrWeenfPBedXDUubEWbzFio0F0ltYSZCubg==
gAAAAABo17N_2HV_8hAstLeQWpI7M5u46TXBqXq36E5jYiYKyuDVyoZlNYiNzrXodkQkkQ5CulIeHFAEwQwfjaanT9Ohj_W8xo9Jv2sym01_bihzoYLbjq4GNCpucwGLwNB4nLLUfw07_MLDOcPW7GWoaLv9nGY7ZikpP65rDtmYEnv4Od1DU52V_bfUepiNQAh_uhSEFb4ndaniHqva9XXLntWTUtOCrg==
gAAAAABo17ONyrQXsghLWGh6SNaBdsbg18mC6juf5558ju1-h647ep0kt_feJYHBa3j1xxPkAvnSQGTLQFolJFDKqfoRV6qPz8f_Lj-dhNpx4_cexduvzCu2pzFxencl5VeJpZEhXyo2nqsJUL606um0qHVGMpV7jhYdx4KKwqkD7Za-q9SpnCNFcsPwTxgJsEfhAuVcb4vnBJKGbDP7SzxTNrFqSe850g==
gAAAAABo17p03_MTzK04s8mP2KE9kwvSSnIFi1OveA_VSa9tSHEh9WaBa6mYbGyb8wgzoOMdVp4EvMovxpgHAEHL2JcnLSCoXbR2Eqw0IHTGazRuhReGEQQk9JdHpKgAFjheqBULaUvW3JfOhkNeg_ToZYeNe9vaKFjyFEL9AATfZ2-Td25zuSWo-Pwwvv0aWQv8e7-Crbg0WqRYIaktn4PDQCbUatPXbg==
gAAAAABo171uHwoE2VN09i9khe119vtpAEHcubRzTCH296sjgKu7iX03w_gL99ra3X57Ne8wP6pBt6xNbWb7vnRtpo6TqJDYirzapu9d9B5EMJ3RV48M0NVQHCEHelzbBTrMb5Kh9EXsBAqWNW9Ph_xQORpcsgnZx4QxdfY4RTTkcDyb746CkMqBPEBbTDkf4WAFHRh_1wSf
gAAAAABo1714eE8yNDcAtumXyRffUfbYOifBlpS_PkxjrF-Q4CUelnM8sDbP8ZMg9P1hkRHC-xvrekBpKbBHVaIbYAh7Z4VRlee0B1r2fOkSgOIlPzu0Lr2-rwxhUNb60_k8WPQg8Olf86n2tDM0UtEDHk5u9myI0TWGeLNZc7_27UEwdEAM5P0-EOmsQX13U7Vp9SNYLHKVPMfwTM68BSaTrCOWBhBn2w==
gAAAAABo172Jh0Fkx0N6n2nE_hPMdQRSR5rF9HA-yT2_pKst-hy2eH1PPzbioA1HLUOKHwQAKRtoBzRpwz-Vfan5WUICYEJShPJpFAuqoXpTeLbYto6Vqls_Kr9U3bukOT_WnoRFf3zmsoPceZM_yavtQNg4_vw9CTcbJDwh0Vt5w8EXP38fNE8puM1brM4eIPVBVPY8U28xXYMG3qHNkk7ysx-f3b0_uQ==
gAAAAABo173o1Uki9F6gy6JLc_Dm3li09BrQsUJIpwlEQSizPs6SzNWqyQS7ejiT8fqjfkT8mPY78--bFQVLOKnn7uQ9OXDR8wD-bTwL4MEFHWAJ3AySrPGMCfFtn-92LPnTudOp5dhM37MV7KSKIyDqFtMqmojDF8ewxGqoDYbAGFKsKcIxgf7GJMgGI3TNOku991NNb-ei3ZHjJK6UPR32qZgZm-fDOA==
gAAAAABo17-60_a2nV6_2oFGHYdDi8vD65AeLUvl1fUMC2grO9FvdRvlTxAedp6EL48tpbBnmDzBGhjF6vAugatncHL6mGk6UrMCAi-IZXyHkB3ayiQDu_V6hjn_JhmGFJJ4-A5M9JVSm7GpiQ5B6eTh6XhsGCCC87n8m7qBdoy-MjGfvWgRk6swNahtad6FEzo91A_qQdBFUcY-CFU1P2SXV5MqfAQR2g==
gAAAAABo17_Lk7ecj7a_kC4Pj77BW9Wr7zaASiO0u9ETtPKXFeOZVvG67bkfKP7_kGjjiVBkPxNBGQrS03YpYGCPfc8v_5u1H0M4yl4RKlXlfAxhdKPmHq1fzbfJSI8U07jO2718mTg2x6aT9LrCjfXJHWhsLs1yQTPej6-g72z9yvEtGHJ5T2VnHhPZ96M9DqVVZSvaXHFz-ue13sUts0omsqnK6X1IKg==
gAAAAABo18FSv-YiTFS24BGMYukGSsTee_R3q89XymZRpne5J0FNRpK4OmCcARSSCc-WWhKtfX-7jl8j8S_0LA4WKJl1FgZI7O7-RAcasRS0sPGubV6D351GuuZqk26zxAPnDL9FEt1JAqONUNF816ELixFoHjFFA8EyrVlULpVWvdIF3AfuX8Q-7a-FkwhGbrPeFm2Lg4yk
gAAAAABo18Fg0cJNyWflPQKdu_D7LkIY7KHa1W0we1aQXAE13lCMvI8BrVCLKd0-c4jN5YxDOIyPsJKgxwtqpSaBD_Zlbx_rb_hjt-93XZF9ilqcH--wXHDbzVLQUZD9H5U8Ie4KMw2hICLHt_NQN8ai3zFJKDP_3VESvDbP72wcsttzni47ZxfttYtffwjwELIH6iqJrZrE
gAAAAABo18FlkXU4qKINAATwICqxUdXtqX_SOuDz0xT1lQLEFxa_m679KO2fAkwR9piKD3gY-NPCqLrxdUrJZItREtZFDCJLx34350j5IzliomSfXMkB5iLtwOERiPfZNlmt-mEDPVB1KLQY59JcpUcr4nNprHYpc0XImbsBjaukzGfT-CI7HTCS9Fxb0dkS1XpJtkc0zPpVyXCYrqwo2dNvdrWnU3mg6w==
gAAAAABo18FnGRl9eWdknsgRuqFbvUkoyJ6OgIOTuso4c6JZEjXDwz5Lhu3C2rPgm8Ae60D3o8dp7dktJUF1_m2CMKxUn4v4GUw9VDqexvnJzQOvFCZrvaqh0zlZUjPjWKuFsg1W6ZV8pSxOstEW6thSEBSgabEvTtaaEO0N7Kl1oFPeqoQznt4MxoSsx_tapZD1uwvb9sYs60at43tdxL23crCoqCHY_Q==
gAAAAABo18FpjYFfz7zIozfiMayFHH1B-y7bOrtbu-i7u1spvVcCzmfMwHrWsnKgbVCZaAMU1CMgyKDB6maoIBXixr19YV3HVbFo2QiTGdYy1EK1RlsEOwJfRrg-5B0a84YWuLmBns4Ru3EyM0aq0UEXMWgQEBVLfLLIr572OzGD0Y5at_nfVdnB9s6nUekFgT9e_TRcmP2DLnz5rsWpb14LdT93zcTshg==
gAAAAABo18FrmoXU56nApWABUEvGPC4cj15Bsfq4S3fzFw6RaDpTHyC9FhUxdZEHHmWJEg0HdFofE9tUHDKTzy70UriGo44xv9w5rK798aZtN8hj1wLK1d7XkWDAOEUwq2mVUJH8n5d_rpkJHUvqMapjVMPfZGza4FkcUP5u6un5s2Yl0DDqvsUOrv744w2W381RGpsjF610-TsvsBed35_t3wiFfAOX0g==
gAAAAABo18GLOWmRGwxtWNaZt69i65eEIUMs6zymwOgJE_hx6C0ESr38VUvZWdGj0VD-xC3h7NNn_JxoIPCu_-X3ORMqHqGhbRABkTA9CK-Af83_vMzosM6ecceCIIqWp6qH026BZ-pzqLbeVL3LpFGSn3FjxP1y9mRK15VeNIFnD7plLsIO_NJ20N-HvOVhyOAfDNl5jh5aiTtVh2_fJAE1pX-bETeUog==
gAAAAABo18GZ_3VITd3lNig8XKtbYN51eFv53ybIIoc4nLL9wuk6cSNIEiq4UVGu0nrl9_aj_HTKefOTGLD0To3uElqyWXBFuGYo_ejALy1VQco1ekaDAKeILuBbskI3EdI3L4z3Z3yMFF2lLl8GADI44SBF_dRu-VWsqq55X7Bo8GCwBjCRESkvvScDcb7G-9dCUuAWnwyjhnfj51WGGart_sK1QsoR7HzogqfPi6BytyMu7zEi7GU=
gAAAAABo18HgCxNKVvMfT-4V4t3dSnDgMQv9uUdpIbelRUjpWBaLSPdzwtsj9IweW_HGA23nii-b5Z_1qNPNLowfioXVJm4GexOaIHUP7lz91hKr6bCGRp7nBWPQRFm-bzPS5PKRjrgsfe-8Jh1CSd-NcJYesSURHxRHKwfApdwn9a0fkE3mV_kYTkfvg7Sby0pgf_1cWcDS7UwFONpv7v_QhAyK63hrFA==
gAAAAABo18NOkUYQTEJdk3aPPetbP60mC2p_gPeu5eReL29reEF2sSst2ZM93d8v6j-n_wObCtqUp9NzvoUGJx9VwPsSp1o-atj4HvOozt9IOPPWxl8o0QHl-5Ilhdq_3XDamaCY35anOdpsbNX4EATeR-s1gzL6VVNw9tyWi9fEbGbYpYCWqNro98wjV0VbVAJ5BkA9_qOE
gAAAAABo18NSQ2hjdGxvesTnyzKkhgjLb13SEXsMiuW7fNWp9pH4f2T7blg90g6usg1STrdOENwLcjg_4zDqOR0f3rddvlUpIdLFVCcEp7qBg0eZDMAUXf4SHALdi2FRHFILZ_7lBCRUEv8Kxm8UOgqMDnNERHynx5rHTDRRmOC4fQ7CDP-I_MpRd4TAxPOOmoZa5i6TU1Yid-x8kYzAmZzaqrtL_rO_qK6xEOaTCWIwpMIFqTmH51Q=
gAAAAABo18OdAsY4dFV_scyIG3ZOQJbLsuEDL6e2jBVWiZA_Twc7-QMVGrw0v14qT47ohLTAs-qLp_77eAMsiQBvXW_LrSBrZwFSooMvHEffQLNOURIIYcNM8NRZCN63jKxHi_JSEgkuSII6svRCtnjchGu_FpGZ3LnhQZl5Pj8ckoQQDXTCNf3GGI0WjAD_GkxdepesS7I-Jf0GcDqChQhWhYu1lJ_IcvFYtcAK_EYgYM5_p1CRfBn2HpcOvG7tYPf1-O59AjsE
gAAAAABo18dKj56eR6sMsJMKhYirCmCEO_FeYwqD2uBcMnAEpIjuFEAt1B_LH7nMoXn4IL7TA_Yd_p8jUmSH1bmemd2YQwfGsb19tLDQfQLarTTIRElnWdFCdvnmkP4XiL4Yo5UOo8M1lOET24aJDVZ7Azklhaph0fsK33kjLemO_uP6lMHLSTWLWb_RqUMYaNFHu0ZGYYcBeyijuSdP9_fP7xdfPQnMreyDpePa7UDGJ2pkZAp8Y4Nr5S-2rQZLjlc86blYJ3km
gAAAAABo18dixwnD1UMJq5ajr4fp6m5zjIWmfma9q8xqlyXKVlOpBieHzI0qzenk0TkPOlZT0X-fmrq9MqKvWaEWQ-i7byh6rh3hjcT7PQ0wk3FP9VYvAwmy6PspufTu3FnXrkMLUirYBu0Sk9x33Fu3jcMiTIzfr_3aWN8e9SM7jjFIUts_XAmhoUGlpNzlpEXgEBGK3AyitjajV51Plhc6L1qm3bN7HQ==
gAAAAABo18eolZwId_aycC_8hPY0e5yYN1hWkzw7gPa2JyMQiK7K7iZJbTIf4DjkT2aZqvt4wwsl0U0Jxci0bMqwyFLsuw2_WyS8EIILN12aGqze0rDTd-R2HbhL9J0OVdc-6qNM9Aa7mLneOQFBLC3wWFuRluo_Vy5PTMCEs8qTSuYkz161Li5WBa8UUZyNGLC_qUH3Wl68eKZJbPDN5WS_6QAGNLCK9cexiXEUcJTJrKxsb9sVMRw=
gAAAAABo18kDdKJpzcUFMLvyoeau628d1SW8B9DQsKYLbqWU1s9U1gx6E1ILYSjQZ1dU59_JKhleV9uKhcukdGUwedQI07-VGvcIiVzBb_43_b1pZT-M6YfppER001o7Nm5RtPgOSyFPaxeea2Ivi6LfT1GcuM2DFOGlf2QrhGdt5_JjAo4CFOy0l8t7yvqsqN8SAhTMj4VuafYy_xNK10JOe07yFJVspg==
gAAAAABo18lFR0pWcV7pRHSpwJ-FcdglbsPxOoUU0jCMWpKTlS7Vd4ogObGSfyJLKAk8xRuQPqJXPD8fOUYMfEHDw_PrefYg-aOxlvf3MK-HBlnXgCrPHPTcBWrhKN-3kOjdfTEbUl5Gu6Q_MLX7HkH0PQ6HQHD4v4mcGq597iTRWX38OvXU4CWpSQvRaBXZTpZYaHckdIdsUG3Oa6PB31hLiH7zT0iYdVk6czYHa3wv3GaEF3Ppc2OIOftyZ4lYq_bddWpt1VAj
gAAAAABo18lPIsNPHDdbkmFLbwlCwnOyFkxPVjFBNuxglo96L6q9YjhZNdF2eroRLxbzreduCAlS0KDtud608BqkZRq5-RrgF1chdYENN-mgaoln_sqYDKo4jRBPKEVRm-dKl0FvwasWNwZ9yBCvar5KDJ76pSudD9h91Uh3HoUXMBQcdMAgyMSSRKg6gBQa6RyC3V0kGthxxJKzicUjCCYMvBhI4mRe-8eJCII2FenfSnOfRXuTc7zmmLhXUk9wgS5Wu8jSpHdf
gAAAAABo18qNYmhMEZHDrncGUxbAdyVNGrK0Rhadr_uiG181_-zWYjUlJxLGQbK0JwqlkwGcCxSmQqG7dI_qEsqy14zglHDAPvUs7ltaUjUQUkZOQDCSOfyzgsgvJcj8m2UrDZw4MGWAQD0zh-YlVegOgX3a5LKBDXxFzWYPcx4Ua02ZHOUsv-6fLcvKFm8MJk7x3BoARUQUuwUrsNRDYx7eey3saewNHQ==
gAAAAABo18uSpXvkuaZebIuwD-ms3siUK5shC-KkeW9wP5HdXMZ6mU0UjUTUKHa2LY0YzJWyVjaC3Zy11FMCO7nTwisUfslr9B0LZ3Dh4A5eLAmL9wxYIS7096zXTaBaXujl3cVk7cbNeQpnvFcs2ukLm_VnBcfa6vLql-_BPVxuvJqumpFK9kJZGCBGOX3cV-BTTQczcQ-bK3wqd0jE1UBohjrOKREMbA==
gAAAAABo18-QZfJ1duftcjwk-xrqiucIca25Rem83-d2B-KQx7WE8jHbNGn1XMqUMeYOEJf0SgNT_bkHhGOTvdxuXpcddOaNazAVa4Q_canQTDD8i7DaVq2eQ6t03c20lNQ12csc6iHpFH60GENvgNOJ8o6OtQNeHIB9zEGs4AC0v-FJdUa1DGkYlYf6gWydj4M_RhG2Yt4IPZo0sn787bCKIF9EXUabFOUVaFNNsHoBnOx1HJTi_8z5u_uym7Eas0fQW6SsnJ9O
gAAAAABo18_3fbrYHAzN2CesulTC2mF6ehRef_AxrACMUw4YPm2--frO8NVCkY7maAPHJ0i3lNi8OcFqKP4cpcx5ombSWYs_yQnYr-iw2wBVu6Uu63NbE5VpjruwjYqOrbOq7GZL954O-Q_zFx9ZvEMXp5BmFh1mId6IXuni4wWUbxmDSS295kNMz7g7Y1lKJ5BTx-GqezAEIB_TgNy8F6Ij1Fg72QLSHA==
gAAAAABo19AxjzcsTqDm1ZzKjpGD2PXOgaSJDWIUzar9xD0lE6EM0NWMrzilv4mag0GRhJcuV-wyWsm_KYCAWve-SaadiRj7OYoUVBZO7IPPgg5T0yb-xC7STETFSmR6nRwqop_wcF_Nn6eYNXrfdW-ifGNGN6KDEJQOoSepgDBfBFcbj9TXkY3qYdkdRXb-90i4hTFLmA670v3IpwnXqUV5sfaJ6hQnPJNZGdDHZg9PxaKUFsCI-f0=
gAAAAABo19CveLnpKkHL1Cw8hi9MuYn7vEcKxGfYdNJWGU0_FNTUplpk86QZB-ON0SIBC3GhJf3nIUHg9WyoBhkib3cJqSc1NqxXpJcXoAyIBz-T6m5TjV082RWRTyySo1_Jtgw4TQBID-YTgoXbiBRHSZUGaIdmJ5vJtT1JlEFM8DCaF60f6996nVBq2E5IZybwe-y5hS2Zboa4IVpEKtIIE90nPDzfRQ==
gAAAAABo19M5szoSDWOE_9MgPDk3XQT0T4A3-Xbl1IbW_ixFD7Sm34bCxf0lUfnt0LeSc0UyllME1XqY3MQxo6UtxPq2C4PO9xmDUg5GUbPuonDmPiFLdOVEHVcoNAPxmbFD3EPSU1ndzGqeSRV6D90cGJfo9nm7b4DO5tHJqCl7dAUyA_5IPnO8S6DbZm0O8UOMrg2nYJk2Tnf6Q9E4GjMGwbDT7quMNA==
gAAAAABo19NPa26gIOUxkoq8EIE6oYZ5L68u3kkix9Eqghbj5tNpS7wEy0ZS_UOx3mXck03Oxvjsc7dKB_YrAWFAyHh-kVzVkAkmVTHf9rP5tsBjNNrgEAVNxjv7BgkrDEL-NFLyq4sjiygonu_s0lV87cebSOsNoh1SO4d4E4rOQbXRR6DxOEHAYr_H1PZkC_SUREfNNMCMyfpFRJ0NSe3Z7r_wrLeWI5Z_sX_ZrVJLT1nWqNiYCnhBTLz7MzAZXbmwq7O6r47C
gAAAAABo19UXWz0dcUhA2I_R_9MazyDaSqpx8xHyP0m4QFqiy1uSiJXSyxj3XXjsMdfdlcREMHgtRr7ndBYjywN2_yy0LJzfIm3vgGGvDUt1URHPx1spVGYgozD1XgOcnP-lZ6SsmXibSYbuSFFj08nBC06GasArQc-F9FIwyTEp5tgPHRhLKNPdlnNOiOPCb2Xr-9IyQM4cL5M9fdGPXLte6PbZFlTboVatGD9Hmak6A0BahBTUuCmoxtBvBnA7b_tv4iITOMou
gAAAAABo19UxA54ejzLSLKCCNkPftBW3VDSW0MqtUekdlFAtrTq0qc0_D8U_fW5bJskqBX29geGU1Mj77n0WSlsh1jHu7JTFixQFGOz1brDgQWUt6qhKnzA9KzHnhg96hG0QQHGxn2Py9s0EBrAzDpaNq5Qp76nZ0Lh7hlR-s5W6NWSMFrOXxxXecaVKExZpVOM7Cu80WUWy_XuVQdPOgTgRP4I2zmPM1Q==
gAAAAABo19U8ILkseHWC7_3D7EWmX-kqp5S67014hmZf8ca32U7b63kNPFdWHM9UDtnM1vFzpjmdeHjRfuoW9G5G364Ggo9-xXMgRSpGauBl9dWxwOjPWk0wMtaP1WcjAvA3k-UzX2Yy7ooFrB0Xot_paidrVBAnBjXrD7gqu-FhPvqsT55Ya65Xg8sCCCj_QpC2aN65E7cBD35ekOkpkgUz6YSA9DnAMg==
gAAAAABo2A-HmZqRIdjXtdNrclaoovTkSz7W5EOx04ppFB5w4VNCCEE1yxHZP1b2tdiLphdKxI_6aLSpZylsj6rK_X3xttppRPiZCkZXRTm-mgRzdBChlWJglYa04v7PWDMLRd79el34njJ7M7zpqKzFcKuajf1farnk70ZAkCVJugjRSSh6QXbulGpFpJ-bXbzMB-_zO4dTSU58PMpcubV7K9XEK2ixVaXFN6olwV4J8-KCjeKTQ8E=
gAAAAABo2Bbkl52qRld6oOS_yhusFdjoUx3VSi_hxiLFOoYmktaBOIDGRLDI5jMSwTAwSLWYIS5Ys7n8R4975Lgj6ccZC88S9RRora0Z3gtaPuDj9deo24K69bXQczF5q9ciYXJTW1bgPS-_hnqC6--USitFXQjTiFG7_NzlgE9D_9MeCgf0Zj_7gtGVHWDhLvKRmXnEiLypHfthpTlBb-36vT2u01CjwA==
gAAAAABo2Bb2hxCDMqwsiwXrsT0CVw0wAoR4G-kS9txLMs-sTPPLMYrIYA25A9ve50_JcmHBiZ_RqKhGiF6-ig2Tj1P4g4Gn_Su9mrJGejh-9FS37sAKzWy-rJnJizknuW9FSUBTy57yQ3e33Xwf-u9xYbJhoKcqI6iVf0ujAiygPRDfQBxntMRL9VSBbI5Zrwq4n4fuITPTn694R_zzhXsHeX3ppHWhNw==
gAAAAABo2BjCdwMG2mXrONPYqthfxF3qp1dGF9BpZGQfxHsOgENQT6E0KZKyZ-IoDJiAGkKszxRPMil09VPBrbJ9n5OIxqF4Vvj5AqhLIquU0FQxaz13Ct1O0o72_GukOZ7DMLle5LjYY1tjy-as_AaE_GQEGmiXGRoDUiZbqSjRrvIWe5rT2tctW8LW0HbmtvMJthHIh4UwdNAWg33YQgnkImRNzHjO4A==
gAAAAABo2BrMSa7wxcMNIO-byqHhDjJeV9xOt-psSs8i_DD2J1SxNTeiWCKQDqZwDAaiwa3Bjj_EsBA414vVGwAoGtSl-ok76oTs-Gj1tF87Ztn-QRdn2xpS1ZletqXLdeXbeV-sKs6a1LhVBXpINiqJ9Ku5sQ_jlg6pIDdZ6jZJdtnW8AZUz9ENpybIm4xJ7LnyLtc7x-G2EMn1B9gFG-t6IqkOibfaig==
gAAAAABo2Br6NZM6yR6YDxFztOnleuhIBm8z_cYO-seVwqXfp33Fx_R0poPXC6R-5lkHnXzvVV4KVbN11c_5abFX5hY_6lRE6j4dYiy0fzAteQKTzwkYCEVsfhky98Ch9EgRNLi4IXomaqtZNJOnwp4xXQyZzRT2mFlniuK92k_3tYiU7rcKcWk1pcswaVyV-xL2vuVJgphdVT1ogsAzx80KHX_ykk521l1IvkDXBxOc6jBYkqwBCFwQHjjKhAsoSjIOzeGC2dtt
gAAAAABo2BxwlRbzBqQ-LArn90V5Is1XULqUxOHLOIjBBsdGf3CxFyde1kZMeGpJXvfknhzzdkW4trrlqo-XCR7fnlypJr26_tLezuCjLTk7d8NS72OVklOY1rCXZ4v0n_1VwXwQ-kMjxJngJNod5ObwSP2Dx3mEedGFXEuZy7w8s4bKCDpbGiVXkliso0xk7wlSifWdm0Ew_kX5RicERWjcV_zR5szOydJAZi0YxMaMnahmWiGevcI=
gAAAAABo2BybuR3RaoaGJV5p3Rx_zkDHfRDWx-OK1wgMMcYd42oFfADgkfE4YE_tCCAlRAG1PGsfuTPCt7CWMJx5TP_HLcIqGjKK0CgkZFa9QiZUz7ju4PTI33FuStK8QsQQxxZWSvAo4ARc-eg5PnwJKFL5E509ebCBHP9ydvm0hGn6mFJZQ3tast67MRWvYb4Cjz5yOx5DBSEfkf69DpXjOEI11m8GJg==
gAAAAABo2B8184Go6Dl31kxwdW9DP-kGS8cU1xX1Ato4XOH4E2nrzEGeHInnMrHn44YAlWkiO8DTfcCNrlB6J5nazpsF-mtPDtb52atTzLhKC20hqyOXkoNNi9jgYtj_dFuA4AYcTYpGeQ1S2Ji564GTlpYe3MhQhhdieZfggy_YID2bZIwal_kbmaDkD98cd9khx3FueLTo79NGJIbzs4Jz20zG1VQNjQ==
gAAAAABo2B9GI_8UUECK6t_FWxX_lKL2bxbaWC3VUk9Qy6TUPqKkmef4GZbroJ-Rdc-qY8Oaml8HyTBdiq6-em92iqOtK_Y_A_c6C4EaZx06r-9Tugs8tZiq3oTeOLvqNqZD9TCxTVC9bWaIbgN35SH26M6EBnC7rfPqtEEJHuUnQ-lNQj2an-AiFOnx8PqyjavX86LQ3fBQWk9kNVs53btZMEz4ZN9tOw==
gAAAAABo2CB9FcqWwRuSaPZOoiVsHW063dSko5Hj5RckJty2NqFxK6fZXM3KDyk11fEcxZPPpRCfJBFjy0-cemyMwNE0ETvmuvc96RescMoB0vifWOXlRbxm4d82Kh0ar7MiRWDjHtFcsC4QP2N9zK-C-e7CuxMpiSK2Zc-xRMeYOmu5Ms2TCKeuDnuonbvHwqDQMopT6rMOfKg_ZNmWk53MpAX92EECfA==
gAAAAABo2CDZRbtoNyHMcd0fmasEHnwvNcymnTJRcfylHQb9pHNJAdNCssKJveEoXh135tXO3JM9RElFfaLqDMWbjROYPSACaGTK2qhdWdNS9DdrKnTViSav1H0sPqdc2XtjK7uYY9nm0EfTRfmxZKdQKSVY-6CvVBmRU59xqU6qiHDWVDJokADUhmkLYNqefb58rP0Otq5k
gAAAAABo2CDlTMOVuCZ4HzY0Fz7uE8venoavYL-U5J19f3TvK2LMA_dkPtZ1dosXbayh4H9zntARXUpjsTy1kAkOZdHMplhc2ix3F_m8NPqaQ53pNUHJjV2Mj3K1rF1aMGPA61It75ciXrysRXo4MwJzjJgRRJoW6QiqU5lB3oLGsyvdjURYbN1ue0sjBwKt1SLU-NuZc9hv
gAAAAABo2CDoNY5sEc8B_SNIJdfacu5q4KqjVeDSooT4FwXoA8Alws4C-OrbPwUOTNb0T9MdzH13rU9gXq2pC5DU1tt36MY0SYsyLuLjpKXILSq6dbXYttfZphZyVwfiTnyV8BLiE8WhElF1vW4A8No86cluX6TPJgsP-0DiNah7yXJdsSWLDGQpkSpklz1KUj-AMWspOZM2qGVNpq5u0jbYIJl7XuSVlA92gF7nNCxe95pnZHQLFMmbdnHZLctMowisAHr0InSC
gAAAAABo2CDs-H4ZnhoaAM0fSKYcC3C0cLKCDEaVDM-3IBUPybGdTZPxmkS8JlskRwFcAfg9I9gyJFkDGh9bO2CvoE5_xNNr-gqQASWXdQ6sje6ETEpitWzP8RnD8QgPmvdS_maKfavafKE6HLqJUPhxHoccLHzKDQkV6mBP-tyLoaLFqDCWXanWWY8Drrbeu_uROgQ1BBl2ryThdXCtY9CSfzNi3DfR0Y6QKMkT6fTBhLwKai3idwI=
gAAAAABo2CDt0o-EWF56GjICZ00zGbicS7pQe0P6IDxCYXo45h-hViJvwaS9aftCo9tj3honR8OE8FX1RMrWZKtwhuUKztXN0-SjVA9JWmsL3dFpxlOnT5z5dqzjEwyLDDSmKET2fxUhgykyUza6ILzAoTHdXBO6Esai6I018B5jLNSBKBlHtDhGK1rUlsc0ytpZMR5QPqz6JEowGU8U07EyXEO7cl-rdw==
gAAAAABo2CDtNZD0TNUFcmptXP109PSdOHkAJF_I4lrHLfGkRzsgtnfYMVp_FYLZrx4TE8avPhZIAN2qUYDtYbaYdV0ulPKnglZnEecHkXpGAryLSUx5MzxnYw7vXVLvrsTn8TRUsN1ku_pztSVhsejR2lgH4w3k3AnILA81NbtEmsnoC1JPNhrtQiln9mH52yR0E0SvEM9Q2KltrghKkNNhPSepZ8BMrg==
gAAAAABo2CFVj-pUPTs_wkBaR13kDogNpz901pJJlEiqOBhn0l-Fk5fGx5tSmQDcZqCe7Oh0tZfxoVkgVlAJ_X6IkTWN74FawQ9aYnqVKU1Ur7t7TYlN5hfntfWd7e95UxPsPfRLsYPEijCaJTv-KOHfqJZ4TM4VTLWIF6dTTBBW12btW_b5WhOn187BZkfD8DtMGgKBjMIs5pxEBKu4PPJXP4flDBVvFQ==
gAAAAABo2CFn724otxHtRmd9z1URmjnyG36onjg2L3b_nYk6qTZNvps11GvgsuJPrYbAK3abDak9e6UpjjBxe1m7S3HOJuN2l76MZyGkwPzSmftFC7kG0XcgBDtqX44MecbBQ3j3NTnbAjPpUiONkLFNQsuNRpkmcgfFGMgM6HfjxEQLGY04gE5Wps9Xb8vwUvNZ0qQ8V5icRnutD77hK1OgQxMLueIf8A==
gAAAAABo2CFzcg0SYJ--CY6tA_GZ47lQ0RESFCU_VIaomEdISimWc_3xVS8VPTSNbrd6qq4QE6VqwiSaZQcKt_wtLiXBdNWUFojJfxekb5QpnPq7rnGamPScgJ9n42gYJaBez-0Ne5Z28i5tRY6G6YYUuGo0I1nKKvhfOTUiqNBSfsM9LOdlE_GLD31GJdiqTvpPe-9wKAG2LyjdPR4Ho63UqWUo2s4oQ7a1WJPuAtKo3vDfhB6RUR0=
gAAAAABo2CF-5PyXlDVNNKO2FtQpZjKuw9E5buBSHa2qEfk8EQ5TSqLtL1L-MFWkzEg8TEkgYdPAunYY7Z3BihA9PnfwLjUVaApRg1igsCy34LFwkSaWxey4whYNivJ2nD2O5DtvuSQqwm_IemD9s_P3y3Ga1VUpiLOdiph7H7reWVsJzFqqDBRDTBftZRYbLd26Bzeodb53dDB6yPskx07bLBvbrgkAkQ==
gAAAAABo2CGZvQCh03bhgM8pTn6fZLqJIRogSWLW33YWEzhqmnBwQlMz18t3h3HffrcXrN2TMJyBqVowjkTdhCN6pKQplR6exZgKqi7Mfl6zCub8ThBRVs8s4ACxYPvtZNgVlYHv5RyrFjYC_ltVuLcfnolE3_TwRTV3Bfv8SbISWjNJs7WWU-SosWvk8zCM1RUmsVnnNyBTAMCDbF__sYsvCDoZPKPdrg==
gAAAAABo2CGirXB3T1LMMgfMUKQ6UQ7kG5QITL6eCiBeZ4LPpMm4qvN35qgX0t7a_zzoBqBvT9pkYDcQhF2sfTgEawyPdSsqwA7aSeVjBKeM4GXs21HsP9VzjNe6wLQeaLbkhtmOrYeMsiEd3zl0aMKHof3WGebrDjpYIdOZp1Dwfs4ROy0wrJo8dar0CsV_ENO9x3s-uOR7A45IR4M9docroXe_7yywPA==
gAAAAABo2CM-rfJ9VYUGmGhp0NxpSEpEPO2ANAWEs8BTRXWf7OT7rbY3oqseydkhIH11GDr2wPExeqr0kAcqTjlXNn-Vnx0Lowt48yhxw9jgiDWdPvhUa4UPnEXFLHiEAuAd3gyXTiHHTXtcX-7JePnhaD8j4jEoIGRlJLkWAy-2jHwu7G35GrqqBFhISQqokm2CXICMQZAU2NMZDlmgzdC6x-DvXTkQ_Q==
gAAAAABo2CNGi3xF22Kb5BAObFaTBJbgmcUdk8FVXMOnw_kpYmqdycPvD0_spll6zTtsVU5PBiPWDsbUPVqStBu9fSihfYdsWC2x5gf68ZPKc5kvKsMw54pD-ly-NYsHc7MNmw6c_vXoYF8EJzrDjUHTAWfte6HH8hlIRB72JR6BfDOR_nHJwLT069r98xiuvRo5VwO86tPDrLqUxq3c8c9vfdUNzGpp6g==
gAAAAABo2CNX4IhLEyxsUGCPxpbp6Ccx1rDkjAgDw1_uRdC3Lu2rZ-SOXePxD2-NyudfG3NC1XMHN-UNIQvYWhzjkfjZwlY4vqdchxuFPVwLMS3zgxOzm9flJbM4ZP2hQq3fbhpXxDati-NsJE9Ltjx_En3J0zB8wvBzKpCzx1-dTJrx9zgI2lPsFOM_jVyAtl0n4SL68kwLpvsWlLFV12KPY4w0Ws-BZg==
gAAAAABo2CdqbIic1-6t9JETO_4my_RDb-xTl3sumasBVD9aXa-tQPgu3OzBughA8p_l853OGUDDy-R4LCQ9l9nv3q5oOY7MkVUfWcaH5ATHJEce7BPShbaQceiuDHlqagVA0dbPWeF2VQJEnJwa0r5-9lLwOcIzWEuwm-8WbjhN8akOqgIic-2NENSu3siUPeZG7Hr3KMEhbHX3X61EU2cLbHLIIjq_W62PrlXWt1obhSx4-CmUTBE=
gAAAAABo2CeGHc5jfM2eZ5Ip3MQLI4167K87egDkAVlXoMAPbbNOlc3p6qNZeu_67JNs9eQKLdB1dJ4AQ4wU9J58w2zGPKxCd8fgCpB4KrP4n5qUYGhwSToiNKcTsfCpHmGNGeI4c73_lJfGfQR8olHtgiVqR9I8tzUMv8j_WcbwhZWkIvaDUJltcPGmR36XCf9KwOJef6Vf-Y_76MyFVTqxRNhz663rYvfl6ufRm1Tg0GfO0UcBjTcZxX1jjq9cPtSLB9xx88w8tO59QnkiJkPf6xh5ZNZNuQ==
gAAAAABo2CecauaiD_ZclwKT6vGEWaYGL8g_ciAnTHnfo5z44XdbFdSnD23hGjrH672pZA5a-dzP4nKBDysL77c20AYcw9Yi5YP_ucJehoiQsoB1fuD51iQC0R4LR4WOoOAia79HWyTS4mLPLGWTMsEKNJtpsf2TGFD8eJC69SvG4vcKfTVj0BtcMJ5HqvUFrHp5n8ibRK3nkMFK5QzDLL9t-fGUFbPukiB34tKxcgzJjp6h-3BZg5ChzY4D4uy8fsnVCk_HEt4p
